<?xml version="1.0" encoding="UTF-8"?>
<testng-results ignored="0" total="32" passed="24" failed="6" skipped="2">
  <reporter-output>
  </reporter-output>
  <suite started-at="2025-12-09T12:40:16 EET" name="AllTestsSuite" finished-at="2025-12-09T12:50:34 EET" duration-ms="618199">
    <groups>
    </groups>
    <test started-at="2025-12-09T12:40:16 EET" name="AllTests" finished-at="2025-12-09T12:50:34 EET" duration-ms="618199">
      <class name="TestCases.RegisterTest">
        <test-method is-config="true" signature="beforeClass()[pri:0, instance:TestCases.RegisterTest@198ef2ce]" started-at="2025-12-09T12:49:37 EET" name="beforeClass" finished-at="2025-12-09T12:49:37 EET" duration-ms="3" status="PASS">
          <reporter-output>
          </reporter-output>
        </test-method> <!-- beforeClass -->
        <test-method is-config="true" signature="beforeMethod()[pri:0, instance:TestCases.RegisterTest@198ef2ce]" started-at="2025-12-09T12:49:37 EET" name="beforeMethod" finished-at="2025-12-09T12:49:45 EET" duration-ms="8717" status="PASS">
          <reporter-output>
          </reporter-output>
        </test-method> <!-- beforeMethod -->
        <test-method signature="registerUserWithExistingEmail_TC5(Helper.RegisteredUser)[pri:0, instance:TestCases.RegisterTest@198ef2ce]" started-at="2025-12-09T12:49:45 EET" name="registerUserWithExistingEmail_TC5" data-provider="registeredUserData" finished-at="2025-12-09T12:49:49 EET" duration-ms="3342" status="PASS">
          <params>
            <param index="0">
              <value>
                <![CDATA[Helper.RegisteredUser@6c54d0dc]]>
              </value>
            </param>
          </params>
          <reporter-output>
          </reporter-output>
        </test-method> <!-- registerUserWithExistingEmail_TC5 -->
        <test-method is-config="true" signature="afterMethod()[pri:0, instance:TestCases.RegisterTest@198ef2ce]" started-at="2025-12-09T12:49:49 EET" name="afterMethod" finished-at="2025-12-09T12:49:49 EET" duration-ms="189" status="PASS">
          <reporter-output>
          </reporter-output>
        </test-method> <!-- afterMethod -->
        <test-method is-config="true" signature="beforeMethod()[pri:0, instance:TestCases.RegisterTest@198ef2ce]" started-at="2025-12-09T12:49:49 EET" name="beforeMethod" finished-at="2025-12-09T12:50:01 EET" duration-ms="12115" status="PASS">
          <reporter-output>
          </reporter-output>
        </test-method> <!-- beforeMethod -->
        <test-method signature="registerUser_TC1(Helper.FullUserData)[pri:0, instance:TestCases.RegisterTest@198ef2ce]" started-at="2025-12-09T12:50:01 EET" name="registerUser_TC1" data-provider="registerUserData" finished-at="2025-12-09T12:50:22 EET" duration-ms="21432" status="PASS">
          <params>
            <param index="0">
              <value>
                <![CDATA[Helper.FullUserData@57e35236]]>
              </value>
            </param>
          </params>
          <reporter-output>
          </reporter-output>
        </test-method> <!-- registerUser_TC1 -->
        <test-method is-config="true" signature="afterMethod()[pri:0, instance:TestCases.RegisterTest@198ef2ce]" started-at="2025-12-09T12:50:22 EET" name="afterMethod" finished-at="2025-12-09T12:50:23 EET" duration-ms="250" status="PASS">
          <reporter-output>
          </reporter-output>
        </test-method> <!-- afterMethod -->
      </class> <!-- TestCases.RegisterTest -->
      <class name="TestCases.CheckoutPageTest">
        <test-method is-config="true" signature="beforeClass()[pri:0, instance:TestCases.CheckoutPageTest@a7f0ab6]" started-at="2025-12-09T12:43:42 EET" name="beforeClass" finished-at="2025-12-09T12:43:43 EET" duration-ms="101" status="PASS">
          <reporter-output>
          </reporter-output>
        </test-method> <!-- beforeClass -->
        <test-method is-config="true" signature="beforeMethod()[pri:0, instance:TestCases.CheckoutPageTest@a7f0ab6]" started-at="2025-12-09T12:43:43 EET" name="beforeMethod" finished-at="2025-12-09T12:43:52 EET" duration-ms="9552" status="PASS">
          <reporter-output>
          </reporter-output>
        </test-method> <!-- beforeMethod -->
        <test-method signature="verifyAddressDetailsInCheckoutPage_TC23(Helper.FullUserData)[pri:0, instance:TestCases.CheckoutPageTest@a7f0ab6]" started-at="2025-12-09T12:43:52 EET" name="verifyAddressDetailsInCheckoutPage_TC23" data-provider="fullUserData" finished-at="2025-12-09T12:44:08 EET" duration-ms="15821" status="FAIL">
          <params>
            <param index="0">
              <value>
                <![CDATA[Helper.FullUserData@ba0018e]]>
              </value>
            </param>
          </params>
          <exception class="org.openqa.selenium.TimeoutException">
            <message>
              <![CDATA[Expected condition failed: waiting for element to be clickable: By.cssSelector: input#id_gender1 (tried for 10 second(s) with 500 milliseconds interval)
Build info: version: '4.34.0', revision: '707dcb4246*'
System info: os.name: 'Windows 10', os.arch: 'amd64', os.version: '10.0', java.version: '24.0.1'
Driver info: org.openqa.selenium.chrome.ChromeDriver
Capabilities {acceptInsecureCerts: false, browserName: chrome, browserVersion: 142.0.7444.177, chrome: {chromedriverVersion: 142.0.7444.175 (302067f14a4..., userDataDir: C:\Users\Reem\AppData\Local...}, fedcm:accounts: true, goog:chromeOptions: {debuggerAddress: localhost:50920}, goog:processID: 7860, networkConnectionEnabled: false, pageLoadStrategy: normal, platformName: windows, proxy: Proxy(), se:cdp: ws://localhost:50920/devtoo..., se:cdpVersion: 142.0.7444.177, setWindowRect: true, strictFileInteractability: false, timeouts: {implicit: 0, pageLoad: 300000, script: 30000}, unhandledPromptBehavior: dismiss and notify, webauthn:extension:credBlob: true, webauthn:extension:largeBlob: true, webauthn:extension:minPinLength: true, webauthn:extension:prf: true, webauthn:virtualAuthenticators: true}
Session ID: 0cd2592105f90eeda762a2c3b700ea6c]]>
            </message>
            <full-stacktrace>
              <![CDATA[org.openqa.selenium.TimeoutException: Expected condition failed: waiting for element to be clickable: By.cssSelector: input#id_gender1 (tried for 10 second(s) with 500 milliseconds interval)
Build info: version: '4.34.0', revision: '707dcb4246*'
System info: os.name: 'Windows 10', os.arch: 'amd64', os.version: '10.0', java.version: '24.0.1'
Driver info: org.openqa.selenium.chrome.ChromeDriver
Capabilities {acceptInsecureCerts: false, browserName: chrome, browserVersion: 142.0.7444.177, chrome: {chromedriverVersion: 142.0.7444.175 (302067f14a4..., userDataDir: C:\Users\Reem\AppData\Local...}, fedcm:accounts: true, goog:chromeOptions: {debuggerAddress: localhost:50920}, goog:processID: 7860, networkConnectionEnabled: false, pageLoadStrategy: normal, platformName: windows, proxy: Proxy(), se:cdp: ws://localhost:50920/devtoo..., se:cdpVersion: 142.0.7444.177, setWindowRect: true, strictFileInteractability: false, timeouts: {implicit: 0, pageLoad: 300000, script: 30000}, unhandledPromptBehavior: dismiss and notify, webauthn:extension:credBlob: true, webauthn:extension:largeBlob: true, webauthn:extension:minPinLength: true, webauthn:extension:prf: true, webauthn:virtualAuthenticators: true}
Session ID: 0cd2592105f90eeda762a2c3b700ea6c
at org.openqa.selenium.support.ui.WebDriverWait.timeoutException(WebDriverWait.java:84)
at org.openqa.selenium.support.ui.FluentWait.until(FluentWait.java:228)
at selenuim.SelenuimFramework.waitUntilClickable(SelenuimFramework.java:81)
at selenuim.SelenuimFramework.selectRadioButton(SelenuimFramework.java:216)
at pages.SignupPage.selectSignupRadioButtonTitleMr(SignupPage.java:126)
at TestCases.CheckoutPageTest.verifyAddressDetailsInCheckoutPage_TC23(CheckoutPageTest.java:751)
at java.base/jdk.internal.reflect.DirectMethodHandleAccessor.invoke(DirectMethodHandleAccessor.java:104)
at java.base/java.lang.reflect.Method.invoke(Method.java:565)
at org.testng.internal.invokers.MethodInvocationHelper.invokeMethod(MethodInvocationHelper.java:141)
at org.testng.internal.invokers.TestInvoker.invokeMethod(TestInvoker.java:687)
at org.testng.internal.invokers.TestInvoker.invokeTestMethod(TestInvoker.java:230)
at org.testng.internal.invokers.MethodRunner.runInSequence(MethodRunner.java:63)
at org.testng.internal.invokers.TestInvoker$MethodInvocationAgent.invoke(TestInvoker.java:995)
at org.testng.internal.invokers.TestInvoker.invokeTestMethods(TestInvoker.java:203)
at org.testng.internal.invokers.TestMethodWorker.invokeTestMethods(TestMethodWorker.java:154)
at org.testng.internal.invokers.TestMethodWorker.run(TestMethodWorker.java:134)
at java.base/java.util.ArrayList.forEach(ArrayList.java:1604)
at org.testng.TestRunner.privateRun(TestRunner.java:741)
at org.testng.TestRunner.run(TestRunner.java:616)
at org.testng.SuiteRunner.runTest(SuiteRunner.java:421)
at org.testng.SuiteRunner.runSequentially(SuiteRunner.java:413)
at org.testng.SuiteRunner.privateRun(SuiteRunner.java:373)
at org.testng.SuiteRunner.run(SuiteRunner.java:312)
at org.testng.SuiteRunnerWorker.runSuite(SuiteRunnerWorker.java:52)
at org.testng.SuiteRunnerWorker.run(SuiteRunnerWorker.java:95)
at org.testng.TestNG.runSuitesSequentially(TestNG.java:1274)
at org.testng.TestNG.runSuitesLocally(TestNG.java:1208)
at org.testng.TestNG.runSuites(TestNG.java:1112)
at org.testng.TestNG.run(TestNG.java:1079)
at org.apache.maven.surefire.testng.TestNGExecutor.run(TestNGExecutor.java:308)
at org.apache.maven.surefire.testng.TestNGXmlTestSuite.execute(TestNGXmlTestSuite.java:71)
at org.apache.maven.surefire.testng.TestNGProvider.invoke(TestNGProvider.java:113)
at org.apache.maven.surefire.booter.ForkedBooter.runSuitesInProcess(ForkedBooter.java:385)
at org.apache.maven.surefire.booter.ForkedBooter.execute(ForkedBooter.java:162)
at org.apache.maven.surefire.booter.ForkedBooter.run(ForkedBooter.java:507)
at org.apache.maven.surefire.booter.ForkedBooter.main(ForkedBooter.java:495)
]]>
            </full-stacktrace>
          </exception> <!-- org.openqa.selenium.TimeoutException -->
          <reporter-output>
          </reporter-output>
        </test-method> <!-- verifyAddressDetailsInCheckoutPage_TC23 -->
        <test-method is-config="true" signature="afterMethod()[pri:0, instance:TestCases.CheckoutPageTest@a7f0ab6]" started-at="2025-12-09T12:44:08 EET" name="afterMethod" finished-at="2025-12-09T12:44:08 EET" duration-ms="279" status="PASS">
          <reporter-output>
          </reporter-output>
        </test-method> <!-- afterMethod -->
        <test-method is-config="true" signature="beforeMethod()[pri:0, instance:TestCases.CheckoutPageTest@a7f0ab6]" started-at="2025-12-09T12:44:08 EET" name="beforeMethod" finished-at="2025-12-09T12:44:16 EET" duration-ms="7535" status="PASS">
          <reporter-output>
          </reporter-output>
        </test-method> <!-- beforeMethod -->
        <test-method signature="downloadInvoiceAfterPurchaseOrder_TC24(Helper.FullUserData)[pri:0, instance:TestCases.CheckoutPageTest@a7f0ab6]" started-at="2025-12-09T12:44:16 EET" name="downloadInvoiceAfterPurchaseOrder_TC24" data-provider="fullUserData" finished-at="2025-12-09T12:44:38 EET" duration-ms="22139" status="FAIL">
          <params>
            <param index="0">
              <value>
                <![CDATA[Helper.FullUserData@ba0018e]]>
              </value>
            </param>
          </params>
          <exception class="org.openqa.selenium.TimeoutException">
            <message>
              <![CDATA[Expected condition failed: waiting for element to be clickable: By.cssSelector: input#id_gender1 (tried for 10 second(s) with 500 milliseconds interval)
Build info: version: '4.34.0', revision: '707dcb4246*'
System info: os.name: 'Windows 10', os.arch: 'amd64', os.version: '10.0', java.version: '24.0.1'
Driver info: org.openqa.selenium.chrome.ChromeDriver
Capabilities {acceptInsecureCerts: false, browserName: chrome, browserVersion: 142.0.7444.177, chrome: {chromedriverVersion: 142.0.7444.175 (302067f14a4..., userDataDir: C:\Users\Reem\AppData\Local...}, fedcm:accounts: true, goog:chromeOptions: {debuggerAddress: localhost:50992}, goog:processID: 27800, networkConnectionEnabled: false, pageLoadStrategy: normal, platformName: windows, proxy: Proxy(), se:cdp: ws://localhost:50992/devtoo..., se:cdpVersion: 142.0.7444.177, setWindowRect: true, strictFileInteractability: false, timeouts: {implicit: 0, pageLoad: 300000, script: 30000}, unhandledPromptBehavior: dismiss and notify, webauthn:extension:credBlob: true, webauthn:extension:largeBlob: true, webauthn:extension:minPinLength: true, webauthn:extension:prf: true, webauthn:virtualAuthenticators: true}
Session ID: 64dfbdc1a60e88ba87ade8b859222b7a]]>
            </message>
            <full-stacktrace>
              <![CDATA[org.openqa.selenium.TimeoutException: Expected condition failed: waiting for element to be clickable: By.cssSelector: input#id_gender1 (tried for 10 second(s) with 500 milliseconds interval)
Build info: version: '4.34.0', revision: '707dcb4246*'
System info: os.name: 'Windows 10', os.arch: 'amd64', os.version: '10.0', java.version: '24.0.1'
Driver info: org.openqa.selenium.chrome.ChromeDriver
Capabilities {acceptInsecureCerts: false, browserName: chrome, browserVersion: 142.0.7444.177, chrome: {chromedriverVersion: 142.0.7444.175 (302067f14a4..., userDataDir: C:\Users\Reem\AppData\Local...}, fedcm:accounts: true, goog:chromeOptions: {debuggerAddress: localhost:50992}, goog:processID: 27800, networkConnectionEnabled: false, pageLoadStrategy: normal, platformName: windows, proxy: Proxy(), se:cdp: ws://localhost:50992/devtoo..., se:cdpVersion: 142.0.7444.177, setWindowRect: true, strictFileInteractability: false, timeouts: {implicit: 0, pageLoad: 300000, script: 30000}, unhandledPromptBehavior: dismiss and notify, webauthn:extension:credBlob: true, webauthn:extension:largeBlob: true, webauthn:extension:minPinLength: true, webauthn:extension:prf: true, webauthn:virtualAuthenticators: true}
Session ID: 64dfbdc1a60e88ba87ade8b859222b7a
at org.openqa.selenium.support.ui.WebDriverWait.timeoutException(WebDriverWait.java:84)
at org.openqa.selenium.support.ui.FluentWait.until(FluentWait.java:228)
at selenuim.SelenuimFramework.waitUntilClickable(SelenuimFramework.java:81)
at selenuim.SelenuimFramework.selectRadioButton(SelenuimFramework.java:216)
at pages.SignupPage.selectSignupRadioButtonTitleMr(SignupPage.java:126)
at TestCases.CheckoutPageTest.downloadInvoiceAfterPurchaseOrder_TC24(CheckoutPageTest.java:921)
at java.base/jdk.internal.reflect.DirectMethodHandleAccessor.invoke(DirectMethodHandleAccessor.java:104)
at java.base/java.lang.reflect.Method.invoke(Method.java:565)
at org.testng.internal.invokers.MethodInvocationHelper.invokeMethod(MethodInvocationHelper.java:141)
at org.testng.internal.invokers.TestInvoker.invokeMethod(TestInvoker.java:687)
at org.testng.internal.invokers.TestInvoker.invokeTestMethod(TestInvoker.java:230)
at org.testng.internal.invokers.MethodRunner.runInSequence(MethodRunner.java:63)
at org.testng.internal.invokers.TestInvoker$MethodInvocationAgent.invoke(TestInvoker.java:995)
at org.testng.internal.invokers.TestInvoker.invokeTestMethods(TestInvoker.java:203)
at org.testng.internal.invokers.TestMethodWorker.invokeTestMethods(TestMethodWorker.java:154)
at org.testng.internal.invokers.TestMethodWorker.run(TestMethodWorker.java:134)
at java.base/java.util.ArrayList.forEach(ArrayList.java:1604)
at org.testng.TestRunner.privateRun(TestRunner.java:741)
at org.testng.TestRunner.run(TestRunner.java:616)
at org.testng.SuiteRunner.runTest(SuiteRunner.java:421)
at org.testng.SuiteRunner.runSequentially(SuiteRunner.java:413)
at org.testng.SuiteRunner.privateRun(SuiteRunner.java:373)
at org.testng.SuiteRunner.run(SuiteRunner.java:312)
at org.testng.SuiteRunnerWorker.runSuite(SuiteRunnerWorker.java:52)
at org.testng.SuiteRunnerWorker.run(SuiteRunnerWorker.java:95)
at org.testng.TestNG.runSuitesSequentially(TestNG.java:1274)
at org.testng.TestNG.runSuitesLocally(TestNG.java:1208)
at org.testng.TestNG.runSuites(TestNG.java:1112)
at org.testng.TestNG.run(TestNG.java:1079)
at org.apache.maven.surefire.testng.TestNGExecutor.run(TestNGExecutor.java:308)
at org.apache.maven.surefire.testng.TestNGXmlTestSuite.execute(TestNGXmlTestSuite.java:71)
at org.apache.maven.surefire.testng.TestNGProvider.invoke(TestNGProvider.java:113)
at org.apache.maven.surefire.booter.ForkedBooter.runSuitesInProcess(ForkedBooter.java:385)
at org.apache.maven.surefire.booter.ForkedBooter.execute(ForkedBooter.java:162)
at org.apache.maven.surefire.booter.ForkedBooter.run(ForkedBooter.java:507)
at org.apache.maven.surefire.booter.ForkedBooter.main(ForkedBooter.java:495)
]]>
            </full-stacktrace>
          </exception> <!-- org.openqa.selenium.TimeoutException -->
          <reporter-output>
          </reporter-output>
        </test-method> <!-- downloadInvoiceAfterPurchaseOrder_TC24 -->
        <test-method is-config="true" signature="afterMethod()[pri:0, instance:TestCases.CheckoutPageTest@a7f0ab6]" started-at="2025-12-09T12:44:38 EET" name="afterMethod" finished-at="2025-12-09T12:44:38 EET" duration-ms="230" status="PASS">
          <reporter-output>
          </reporter-output>
        </test-method> <!-- afterMethod -->
        <test-method is-config="true" signature="beforeMethod()[pri:0, instance:TestCases.CheckoutPageTest@a7f0ab6]" started-at="2025-12-09T12:44:38 EET" name="beforeMethod" finished-at="2025-12-09T12:44:48 EET" duration-ms="9895" status="PASS">
          <reporter-output>
          </reporter-output>
        </test-method> <!-- beforeMethod -->
        <test-method signature="placeOrderRegisterBeforeCheckout_TC15(Helper.FullUserData)[pri:0, instance:TestCases.CheckoutPageTest@a7f0ab6]" started-at="2025-12-09T12:44:48 EET" name="placeOrderRegisterBeforeCheckout_TC15" data-provider="fullUserData" finished-at="2025-12-09T12:45:06 EET" duration-ms="17632" status="FAIL">
          <params>
            <param index="0">
              <value>
                <![CDATA[Helper.FullUserData@ba0018e]]>
              </value>
            </param>
          </params>
          <exception class="org.openqa.selenium.TimeoutException">
            <message>
              <![CDATA[Expected condition failed: waiting for element to be clickable: By.cssSelector: input#id_gender1 (tried for 10 second(s) with 500 milliseconds interval)
Build info: version: '4.34.0', revision: '707dcb4246*'
System info: os.name: 'Windows 10', os.arch: 'amd64', os.version: '10.0', java.version: '24.0.1'
Driver info: org.openqa.selenium.chrome.ChromeDriver
Capabilities {acceptInsecureCerts: false, browserName: chrome, browserVersion: 142.0.7444.177, chrome: {chromedriverVersion: 142.0.7444.175 (302067f14a4..., userDataDir: C:\Users\Reem\AppData\Local...}, fedcm:accounts: true, goog:chromeOptions: {debuggerAddress: localhost:58676}, goog:processID: 5964, networkConnectionEnabled: false, pageLoadStrategy: normal, platformName: windows, proxy: Proxy(), se:cdp: ws://localhost:58676/devtoo..., se:cdpVersion: 142.0.7444.177, setWindowRect: true, strictFileInteractability: false, timeouts: {implicit: 0, pageLoad: 300000, script: 30000}, unhandledPromptBehavior: dismiss and notify, webauthn:extension:credBlob: true, webauthn:extension:largeBlob: true, webauthn:extension:minPinLength: true, webauthn:extension:prf: true, webauthn:virtualAuthenticators: true}
Session ID: 603208b9e703d89892037d399be9b7be]]>
            </message>
            <full-stacktrace>
              <![CDATA[org.openqa.selenium.TimeoutException: Expected condition failed: waiting for element to be clickable: By.cssSelector: input#id_gender1 (tried for 10 second(s) with 500 milliseconds interval)
Build info: version: '4.34.0', revision: '707dcb4246*'
System info: os.name: 'Windows 10', os.arch: 'amd64', os.version: '10.0', java.version: '24.0.1'
Driver info: org.openqa.selenium.chrome.ChromeDriver
Capabilities {acceptInsecureCerts: false, browserName: chrome, browserVersion: 142.0.7444.177, chrome: {chromedriverVersion: 142.0.7444.175 (302067f14a4..., userDataDir: C:\Users\Reem\AppData\Local...}, fedcm:accounts: true, goog:chromeOptions: {debuggerAddress: localhost:58676}, goog:processID: 5964, networkConnectionEnabled: false, pageLoadStrategy: normal, platformName: windows, proxy: Proxy(), se:cdp: ws://localhost:58676/devtoo..., se:cdpVersion: 142.0.7444.177, setWindowRect: true, strictFileInteractability: false, timeouts: {implicit: 0, pageLoad: 300000, script: 30000}, unhandledPromptBehavior: dismiss and notify, webauthn:extension:credBlob: true, webauthn:extension:largeBlob: true, webauthn:extension:minPinLength: true, webauthn:extension:prf: true, webauthn:virtualAuthenticators: true}
Session ID: 603208b9e703d89892037d399be9b7be
at org.openqa.selenium.support.ui.WebDriverWait.timeoutException(WebDriverWait.java:84)
at org.openqa.selenium.support.ui.FluentWait.until(FluentWait.java:228)
at selenuim.SelenuimFramework.waitUntilClickable(SelenuimFramework.java:81)
at selenuim.SelenuimFramework.selectRadioButton(SelenuimFramework.java:216)
at pages.SignupPage.selectSignupRadioButtonTitleMr(SignupPage.java:126)
at TestCases.CheckoutPageTest.placeOrderRegisterBeforeCheckout_TC15(CheckoutPageTest.java:550)
at java.base/jdk.internal.reflect.DirectMethodHandleAccessor.invoke(DirectMethodHandleAccessor.java:104)
at java.base/java.lang.reflect.Method.invoke(Method.java:565)
at org.testng.internal.invokers.MethodInvocationHelper.invokeMethod(MethodInvocationHelper.java:141)
at org.testng.internal.invokers.TestInvoker.invokeMethod(TestInvoker.java:687)
at org.testng.internal.invokers.TestInvoker.invokeTestMethod(TestInvoker.java:230)
at org.testng.internal.invokers.MethodRunner.runInSequence(MethodRunner.java:63)
at org.testng.internal.invokers.TestInvoker$MethodInvocationAgent.invoke(TestInvoker.java:995)
at org.testng.internal.invokers.TestInvoker.invokeTestMethods(TestInvoker.java:203)
at org.testng.internal.invokers.TestMethodWorker.invokeTestMethods(TestMethodWorker.java:154)
at org.testng.internal.invokers.TestMethodWorker.run(TestMethodWorker.java:134)
at java.base/java.util.ArrayList.forEach(ArrayList.java:1604)
at org.testng.TestRunner.privateRun(TestRunner.java:741)
at org.testng.TestRunner.run(TestRunner.java:616)
at org.testng.SuiteRunner.runTest(SuiteRunner.java:421)
at org.testng.SuiteRunner.runSequentially(SuiteRunner.java:413)
at org.testng.SuiteRunner.privateRun(SuiteRunner.java:373)
at org.testng.SuiteRunner.run(SuiteRunner.java:312)
at org.testng.SuiteRunnerWorker.runSuite(SuiteRunnerWorker.java:52)
at org.testng.SuiteRunnerWorker.run(SuiteRunnerWorker.java:95)
at org.testng.TestNG.runSuitesSequentially(TestNG.java:1274)
at org.testng.TestNG.runSuitesLocally(TestNG.java:1208)
at org.testng.TestNG.runSuites(TestNG.java:1112)
at org.testng.TestNG.run(TestNG.java:1079)
at org.apache.maven.surefire.testng.TestNGExecutor.run(TestNGExecutor.java:308)
at org.apache.maven.surefire.testng.TestNGXmlTestSuite.execute(TestNGXmlTestSuite.java:71)
at org.apache.maven.surefire.testng.TestNGProvider.invoke(TestNGProvider.java:113)
at org.apache.maven.surefire.booter.ForkedBooter.runSuitesInProcess(ForkedBooter.java:385)
at org.apache.maven.surefire.booter.ForkedBooter.execute(ForkedBooter.java:162)
at org.apache.maven.surefire.booter.ForkedBooter.run(ForkedBooter.java:507)
at org.apache.maven.surefire.booter.ForkedBooter.main(ForkedBooter.java:495)
]]>
            </full-stacktrace>
          </exception> <!-- org.openqa.selenium.TimeoutException -->
          <reporter-output>
          </reporter-output>
        </test-method> <!-- placeOrderRegisterBeforeCheckout_TC15 -->
        <test-method is-config="true" signature="afterMethod()[pri:0, instance:TestCases.CheckoutPageTest@a7f0ab6]" started-at="2025-12-09T12:45:06 EET" name="afterMethod" finished-at="2025-12-09T12:45:06 EET" duration-ms="229" status="PASS">
          <reporter-output>
          </reporter-output>
        </test-method> <!-- afterMethod -->
        <test-method is-config="true" signature="beforeMethod()[pri:0, instance:TestCases.CheckoutPageTest@a7f0ab6]" started-at="2025-12-09T12:45:06 EET" name="beforeMethod" finished-at="2025-12-09T12:45:13 EET" duration-ms="6728" status="PASS">
          <reporter-output>
          </reporter-output>
        </test-method> <!-- beforeMethod -->
        <test-method signature="placeOrderRegisterWhileCheckout_TC14(Helper.FullUserData)[pri:0, instance:TestCases.CheckoutPageTest@a7f0ab6]" started-at="2025-12-09T12:45:13 EET" name="placeOrderRegisterWhileCheckout_TC14" data-provider="fullUserData" finished-at="2025-12-09T12:45:39 EET" duration-ms="26096" status="FAIL">
          <params>
            <param index="0">
              <value>
                <![CDATA[Helper.FullUserData@ba0018e]]>
              </value>
            </param>
          </params>
          <exception class="org.openqa.selenium.TimeoutException">
            <message>
              <![CDATA[Expected condition failed: waiting for element to be clickable: By.cssSelector: input#id_gender1 (tried for 10 second(s) with 500 milliseconds interval)
Build info: version: '4.34.0', revision: '707dcb4246*'
System info: os.name: 'Windows 10', os.arch: 'amd64', os.version: '10.0', java.version: '24.0.1'
Driver info: org.openqa.selenium.chrome.ChromeDriver
Capabilities {acceptInsecureCerts: false, browserName: chrome, browserVersion: 142.0.7444.177, chrome: {chromedriverVersion: 142.0.7444.175 (302067f14a4..., userDataDir: C:\Users\Reem\AppData\Local...}, fedcm:accounts: true, goog:chromeOptions: {debuggerAddress: localhost:58721}, goog:processID: 23640, networkConnectionEnabled: false, pageLoadStrategy: normal, platformName: windows, proxy: Proxy(), se:cdp: ws://localhost:58721/devtoo..., se:cdpVersion: 142.0.7444.177, setWindowRect: true, strictFileInteractability: false, timeouts: {implicit: 0, pageLoad: 300000, script: 30000}, unhandledPromptBehavior: dismiss and notify, webauthn:extension:credBlob: true, webauthn:extension:largeBlob: true, webauthn:extension:minPinLength: true, webauthn:extension:prf: true, webauthn:virtualAuthenticators: true}
Session ID: 606f1f85f45c20455fda9b1a84b7a73a]]>
            </message>
            <full-stacktrace>
              <![CDATA[org.openqa.selenium.TimeoutException: Expected condition failed: waiting for element to be clickable: By.cssSelector: input#id_gender1 (tried for 10 second(s) with 500 milliseconds interval)
Build info: version: '4.34.0', revision: '707dcb4246*'
System info: os.name: 'Windows 10', os.arch: 'amd64', os.version: '10.0', java.version: '24.0.1'
Driver info: org.openqa.selenium.chrome.ChromeDriver
Capabilities {acceptInsecureCerts: false, browserName: chrome, browserVersion: 142.0.7444.177, chrome: {chromedriverVersion: 142.0.7444.175 (302067f14a4..., userDataDir: C:\Users\Reem\AppData\Local...}, fedcm:accounts: true, goog:chromeOptions: {debuggerAddress: localhost:58721}, goog:processID: 23640, networkConnectionEnabled: false, pageLoadStrategy: normal, platformName: windows, proxy: Proxy(), se:cdp: ws://localhost:58721/devtoo..., se:cdpVersion: 142.0.7444.177, setWindowRect: true, strictFileInteractability: false, timeouts: {implicit: 0, pageLoad: 300000, script: 30000}, unhandledPromptBehavior: dismiss and notify, webauthn:extension:credBlob: true, webauthn:extension:largeBlob: true, webauthn:extension:minPinLength: true, webauthn:extension:prf: true, webauthn:virtualAuthenticators: true}
Session ID: 606f1f85f45c20455fda9b1a84b7a73a
at org.openqa.selenium.support.ui.WebDriverWait.timeoutException(WebDriverWait.java:84)
at org.openqa.selenium.support.ui.FluentWait.until(FluentWait.java:228)
at selenuim.SelenuimFramework.waitUntilClickable(SelenuimFramework.java:81)
at selenuim.SelenuimFramework.selectRadioButton(SelenuimFramework.java:216)
at pages.SignupPage.selectSignupRadioButtonTitleMr(SignupPage.java:126)
at TestCases.CheckoutPageTest.placeOrderRegisterWhileCheckout_TC14(CheckoutPageTest.java:364)
at java.base/jdk.internal.reflect.DirectMethodHandleAccessor.invoke(DirectMethodHandleAccessor.java:104)
at java.base/java.lang.reflect.Method.invoke(Method.java:565)
at org.testng.internal.invokers.MethodInvocationHelper.invokeMethod(MethodInvocationHelper.java:141)
at org.testng.internal.invokers.TestInvoker.invokeMethod(TestInvoker.java:687)
at org.testng.internal.invokers.TestInvoker.invokeTestMethod(TestInvoker.java:230)
at org.testng.internal.invokers.MethodRunner.runInSequence(MethodRunner.java:63)
at org.testng.internal.invokers.TestInvoker$MethodInvocationAgent.invoke(TestInvoker.java:995)
at org.testng.internal.invokers.TestInvoker.invokeTestMethods(TestInvoker.java:203)
at org.testng.internal.invokers.TestMethodWorker.invokeTestMethods(TestMethodWorker.java:154)
at org.testng.internal.invokers.TestMethodWorker.run(TestMethodWorker.java:134)
at java.base/java.util.ArrayList.forEach(ArrayList.java:1604)
at org.testng.TestRunner.privateRun(TestRunner.java:741)
at org.testng.TestRunner.run(TestRunner.java:616)
at org.testng.SuiteRunner.runTest(SuiteRunner.java:421)
at org.testng.SuiteRunner.runSequentially(SuiteRunner.java:413)
at org.testng.SuiteRunner.privateRun(SuiteRunner.java:373)
at org.testng.SuiteRunner.run(SuiteRunner.java:312)
at org.testng.SuiteRunnerWorker.runSuite(SuiteRunnerWorker.java:52)
at org.testng.SuiteRunnerWorker.run(SuiteRunnerWorker.java:95)
at org.testng.TestNG.runSuitesSequentially(TestNG.java:1274)
at org.testng.TestNG.runSuitesLocally(TestNG.java:1208)
at org.testng.TestNG.runSuites(TestNG.java:1112)
at org.testng.TestNG.run(TestNG.java:1079)
at org.apache.maven.surefire.testng.TestNGExecutor.run(TestNGExecutor.java:308)
at org.apache.maven.surefire.testng.TestNGXmlTestSuite.execute(TestNGXmlTestSuite.java:71)
at org.apache.maven.surefire.testng.TestNGProvider.invoke(TestNGProvider.java:113)
at org.apache.maven.surefire.booter.ForkedBooter.runSuitesInProcess(ForkedBooter.java:385)
at org.apache.maven.surefire.booter.ForkedBooter.execute(ForkedBooter.java:162)
at org.apache.maven.surefire.booter.ForkedBooter.run(ForkedBooter.java:507)
at org.apache.maven.surefire.booter.ForkedBooter.main(ForkedBooter.java:495)
]]>
            </full-stacktrace>
          </exception> <!-- org.openqa.selenium.TimeoutException -->
          <reporter-output>
          </reporter-output>
        </test-method> <!-- placeOrderRegisterWhileCheckout_TC14 -->
        <test-method is-config="true" signature="afterMethod()[pri:0, instance:TestCases.CheckoutPageTest@a7f0ab6]" started-at="2025-12-09T12:45:39 EET" name="afterMethod" finished-at="2025-12-09T12:45:39 EET" duration-ms="276" status="PASS">
          <reporter-output>
          </reporter-output>
        </test-method> <!-- afterMethod -->
        <test-method is-config="true" signature="beforeMethod()[pri:0, instance:TestCases.CheckoutPageTest@a7f0ab6]" started-at="2025-12-09T12:45:40 EET" name="beforeMethod" finished-at="2025-12-09T12:45:48 EET" duration-ms="8327" status="PASS">
          <reporter-output>
          </reporter-output>
        </test-method> <!-- beforeMethod -->
        <test-method signature="registerUser(Helper.FullUserData)[pri:1, instance:TestCases.CheckoutPageTest@a7f0ab6]" started-at="2025-12-09T12:45:48 EET" name="registerUser" data-provider="fullUserData" finished-at="2025-12-09T12:46:02 EET" duration-ms="13782" status="FAIL">
          <params>
            <param index="0">
              <value>
                <![CDATA[Helper.FullUserData@ba0018e]]>
              </value>
            </param>
          </params>
          <exception class="org.openqa.selenium.TimeoutException">
            <message>
              <![CDATA[Expected condition failed: waiting for presence of element located by: By.cssSelector: h2.title  b (tried for 10 second(s) with 500 milliseconds interval)]]>
            </message>
            <full-stacktrace>
              <![CDATA[org.openqa.selenium.TimeoutException: Expected condition failed: waiting for presence of element located by: By.cssSelector: h2.title  b (tried for 10 second(s) with 500 milliseconds interval)
at org.openqa.selenium.support.ui.WebDriverWait.timeoutException(WebDriverWait.java:84)
at org.openqa.selenium.support.ui.FluentWait.until(FluentWait.java:228)
at selenuim.SelenuimFramework.findElement(SelenuimFramework.java:71)
at selenuim.SelenuimFramework.getText(SelenuimFramework.java:153)
at pages.SignupPage.getEnterAccountInformationText(SignupPage.java:113)
at TestCases.CheckoutPageTest.registerUser(CheckoutPageTest.java:105)
at java.base/jdk.internal.reflect.DirectMethodHandleAccessor.invoke(DirectMethodHandleAccessor.java:104)
at java.base/java.lang.reflect.Method.invoke(Method.java:565)
at org.testng.internal.invokers.MethodInvocationHelper.invokeMethod(MethodInvocationHelper.java:141)
at org.testng.internal.invokers.TestInvoker.invokeMethod(TestInvoker.java:687)
at org.testng.internal.invokers.TestInvoker.invokeTestMethod(TestInvoker.java:230)
at org.testng.internal.invokers.MethodRunner.runInSequence(MethodRunner.java:63)
at org.testng.internal.invokers.TestInvoker$MethodInvocationAgent.invoke(TestInvoker.java:995)
at org.testng.internal.invokers.TestInvoker.invokeTestMethods(TestInvoker.java:203)
at org.testng.internal.invokers.TestMethodWorker.invokeTestMethods(TestMethodWorker.java:154)
at org.testng.internal.invokers.TestMethodWorker.run(TestMethodWorker.java:134)
at java.base/java.util.ArrayList.forEach(ArrayList.java:1604)
at org.testng.TestRunner.privateRun(TestRunner.java:741)
at org.testng.TestRunner.run(TestRunner.java:616)
at org.testng.SuiteRunner.runTest(SuiteRunner.java:421)
at org.testng.SuiteRunner.runSequentially(SuiteRunner.java:413)
at org.testng.SuiteRunner.privateRun(SuiteRunner.java:373)
at org.testng.SuiteRunner.run(SuiteRunner.java:312)
at org.testng.SuiteRunnerWorker.runSuite(SuiteRunnerWorker.java:52)
at org.testng.SuiteRunnerWorker.run(SuiteRunnerWorker.java:95)
at org.testng.TestNG.runSuitesSequentially(TestNG.java:1274)
at org.testng.TestNG.runSuitesLocally(TestNG.java:1208)
at org.testng.TestNG.runSuites(TestNG.java:1112)
at org.testng.TestNG.run(TestNG.java:1079)
at org.apache.maven.surefire.testng.TestNGExecutor.run(TestNGExecutor.java:308)
at org.apache.maven.surefire.testng.TestNGXmlTestSuite.execute(TestNGXmlTestSuite.java:71)
at org.apache.maven.surefire.testng.TestNGProvider.invoke(TestNGProvider.java:113)
at org.apache.maven.surefire.booter.ForkedBooter.runSuitesInProcess(ForkedBooter.java:385)
at org.apache.maven.surefire.booter.ForkedBooter.execute(ForkedBooter.java:162)
at org.apache.maven.surefire.booter.ForkedBooter.run(ForkedBooter.java:507)
at org.apache.maven.surefire.booter.ForkedBooter.main(ForkedBooter.java:495)
Caused by: org.openqa.selenium.NoSuchElementException: no such element: Unable to locate element: {"method":"css selector","selector":"h2.title  b"}
  (Session info: chrome=142.0.7444.177)
For documentation on this error, please visit: https://www.selenium.dev/documentation/webdriver/troubleshooting/errors#no-such-element-exception
Build info: version: '4.34.0', revision: '707dcb4246*'
System info: os.name: 'Windows 10', os.arch: 'amd64', os.version: '10.0', java.version: '24.0.1'
Driver info: org.openqa.selenium.chrome.ChromeDriver
Command: [46f46cf731369ea7fb7824b17fb241b5, findElement {value=h2.title  b, using=css selector}]
Capabilities {acceptInsecureCerts: false, browserName: chrome, browserVersion: 142.0.7444.177, chrome: {chromedriverVersion: 142.0.7444.175 (302067f14a4..., userDataDir: C:\Users\Reem\AppData\Local...}, fedcm:accounts: true, goog:chromeOptions: {debuggerAddress: localhost:58801}, goog:processID: 7676, networkConnectionEnabled: false, pageLoadStrategy: normal, platformName: windows, proxy: Proxy(), se:cdp: ws://localhost:58801/devtoo..., se:cdpVersion: 142.0.7444.177, setWindowRect: true, strictFileInteractability: false, timeouts: {implicit: 0, pageLoad: 300000, script: 30000}, unhandledPromptBehavior: dismiss and notify, webauthn:extension:credBlob: true, webauthn:extension:largeBlob: true, webauthn:extension:minPinLength: true, webauthn:extension:prf: true, webauthn:virtualAuthenticators: true}
Session ID: 46f46cf731369ea7fb7824b17fb241b5
at java.base/jdk.internal.reflect.DirectConstructorHandleAccessor.newInstance(DirectConstructorHandleAccessor.java:62)
at java.base/java.lang.reflect.Constructor.newInstanceWithCaller(Constructor.java:499)
at java.base/java.lang.reflect.Constructor.newInstance(Constructor.java:483)
at org.openqa.selenium.remote.ErrorCodec.decode(ErrorCodec.java:167)
at org.openqa.selenium.remote.codec.w3c.W3CHttpResponseCodec.decode(W3CHttpResponseCodec.java:138)
at org.openqa.selenium.remote.codec.w3c.W3CHttpResponseCodec.decode(W3CHttpResponseCodec.java:50)
at org.openqa.selenium.remote.HttpCommandExecutor.execute(HttpCommandExecutor.java:215)
at org.openqa.selenium.remote.service.DriverCommandExecutor.invokeExecute(DriverCommandExecutor.java:216)
at org.openqa.selenium.remote.service.DriverCommandExecutor.execute(DriverCommandExecutor.java:174)
at org.openqa.selenium.remote.RemoteWebDriver.execute(RemoteWebDriver.java:544)
at org.openqa.selenium.remote.ElementLocation$ElementFinder$2.findElement(ElementLocation.java:165)
at org.openqa.selenium.remote.ElementLocation.findElement(ElementLocation.java:59)
at org.openqa.selenium.remote.RemoteWebDriver.findElement(RemoteWebDriver.java:367)
at org.openqa.selenium.remote.RemoteWebDriver.findElement(RemoteWebDriver.java:361)
at org.openqa.selenium.support.ui.ExpectedConditions$6.apply(ExpectedConditions.java:171)
at org.openqa.selenium.support.ui.ExpectedConditions$6.apply(ExpectedConditions.java:168)
at org.openqa.selenium.support.ui.FluentWait.until(FluentWait.java:203)
... 34 more
]]>
            </full-stacktrace>
          </exception> <!-- org.openqa.selenium.TimeoutException -->
          <reporter-output>
          </reporter-output>
        </test-method> <!-- registerUser -->
        <test-method is-config="true" signature="afterMethod()[pri:0, instance:TestCases.CheckoutPageTest@a7f0ab6]" started-at="2025-12-09T12:46:02 EET" name="afterMethod" finished-at="2025-12-09T12:46:02 EET" duration-ms="216" status="PASS">
          <reporter-output>
          </reporter-output>
        </test-method> <!-- afterMethod -->
        <test-method signature="placeOrderLoginBeforeCheckout_TC16(Helper.FullUserData)[pri:1, instance:TestCases.CheckoutPageTest@a7f0ab6]" started-at="2025-12-09T12:46:02 EET" name="placeOrderLoginBeforeCheckout_TC16" finished-at="2025-12-09T12:46:02 EET" depends-on-methods="TestCases.CheckoutPageTest.registerUser" duration-ms="1" status="SKIP">
          <exception class="java.lang.Throwable">
            <message>
              <![CDATA[Method TestCases.CheckoutPageTest.placeOrderLoginBeforeCheckout_TC16() on instance TestCases.CheckoutPageTest@a7f0ab6 depends on not successfully finished methods 
[TestCases.CheckoutPageTest.registerUser() on instance TestCases.CheckoutPageTest@a7f0ab6]]]>
            </message>
            <full-stacktrace>
              <![CDATA[java.lang.Throwable: Method TestCases.CheckoutPageTest.placeOrderLoginBeforeCheckout_TC16() on instance TestCases.CheckoutPageTest@a7f0ab6 depends on not successfully finished methods 
[TestCases.CheckoutPageTest.registerUser() on instance TestCases.CheckoutPageTest@a7f0ab6]
at org.testng.internal.invokers.TestInvoker.invokeTestMethods(TestInvoker.java:159)
at org.testng.internal.invokers.TestMethodWorker.invokeTestMethods(TestMethodWorker.java:154)
at org.testng.internal.invokers.TestMethodWorker.run(TestMethodWorker.java:134)
at java.base/java.util.ArrayList.forEach(ArrayList.java:1604)
at org.testng.TestRunner.privateRun(TestRunner.java:741)
at org.testng.TestRunner.run(TestRunner.java:616)
at org.testng.SuiteRunner.runTest(SuiteRunner.java:421)
at org.testng.SuiteRunner.runSequentially(SuiteRunner.java:413)
at org.testng.SuiteRunner.privateRun(SuiteRunner.java:373)
at org.testng.SuiteRunner.run(SuiteRunner.java:312)
at org.testng.SuiteRunnerWorker.runSuite(SuiteRunnerWorker.java:52)
at org.testng.SuiteRunnerWorker.run(SuiteRunnerWorker.java:95)
at org.testng.TestNG.runSuitesSequentially(TestNG.java:1274)
at org.testng.TestNG.runSuitesLocally(TestNG.java:1208)
at org.testng.TestNG.runSuites(TestNG.java:1112)
at org.testng.TestNG.run(TestNG.java:1079)
at org.apache.maven.surefire.testng.TestNGExecutor.run(TestNGExecutor.java:308)
at org.apache.maven.surefire.testng.TestNGXmlTestSuite.execute(TestNGXmlTestSuite.java:71)
at org.apache.maven.surefire.testng.TestNGProvider.invoke(TestNGProvider.java:113)
at org.apache.maven.surefire.booter.ForkedBooter.runSuitesInProcess(ForkedBooter.java:385)
at org.apache.maven.surefire.booter.ForkedBooter.execute(ForkedBooter.java:162)
at org.apache.maven.surefire.booter.ForkedBooter.run(ForkedBooter.java:507)
at org.apache.maven.surefire.booter.ForkedBooter.main(ForkedBooter.java:495)
]]>
            </full-stacktrace>
          </exception> <!-- java.lang.Throwable -->
          <reporter-output>
          </reporter-output>
        </test-method> <!-- placeOrderLoginBeforeCheckout_TC16 -->
      </class> <!-- TestCases.CheckoutPageTest -->
      <class name="TestCases.AllProductsPageTest">
        <test-method is-config="true" signature="beforeClass()[pri:0, instance:TestCases.AllProductsPageTest@d1a10ac]" started-at="2025-12-09T12:40:16 EET" name="beforeClass" finished-at="2025-12-09T12:40:16 EET" duration-ms="227" status="PASS">
          <reporter-output>
          </reporter-output>
        </test-method> <!-- beforeClass -->
        <test-method is-config="true" signature="beforeMethod()[pri:0, instance:TestCases.AllProductsPageTest@d1a10ac]" started-at="2025-12-09T12:40:16 EET" name="beforeMethod" finished-at="2025-12-09T12:40:43 EET" duration-ms="26880" status="PASS">
          <reporter-output>
          </reporter-output>
        </test-method> <!-- beforeMethod -->
        <test-method signature="ViewAndCartBrandProducts_TC19()[pri:0, instance:TestCases.AllProductsPageTest@d1a10ac]" started-at="2025-12-09T12:40:43 EET" name="ViewAndCartBrandProducts_TC19" finished-at="2025-12-09T12:40:56 EET" duration-ms="12515" status="PASS">
          <reporter-output>
          </reporter-output>
        </test-method> <!-- ViewAndCartBrandProducts_TC19 -->
        <test-method is-config="true" signature="afterMethod()[pri:0, instance:TestCases.AllProductsPageTest@d1a10ac]" started-at="2025-12-09T12:40:56 EET" name="afterMethod" finished-at="2025-12-09T12:40:56 EET" duration-ms="399" status="PASS">
          <reporter-output>
          </reporter-output>
        </test-method> <!-- afterMethod -->
        <test-method is-config="true" signature="beforeMethod()[pri:0, instance:TestCases.AllProductsPageTest@d1a10ac]" started-at="2025-12-09T12:40:56 EET" name="beforeMethod" finished-at="2025-12-09T12:41:04 EET" duration-ms="8268" status="PASS">
          <reporter-output>
          </reporter-output>
        </test-method> <!-- beforeMethod -->
        <test-method signature="searchProduct_TC9(java.lang.String)[pri:0, instance:TestCases.AllProductsPageTest@d1a10ac]" started-at="2025-12-09T12:41:04 EET" name="searchProduct_TC9" data-provider="productData" finished-at="2025-12-09T12:41:14 EET" duration-ms="9968" status="PASS">
          <params>
            <param index="0">
              <value>
                <![CDATA[Blue Top]]>
              </value>
            </param>
          </params>
          <reporter-output>
          </reporter-output>
        </test-method> <!-- searchProduct_TC9 -->
        <test-method is-config="true" signature="afterMethod()[pri:0, instance:TestCases.AllProductsPageTest@d1a10ac]" started-at="2025-12-09T12:41:14 EET" name="afterMethod" finished-at="2025-12-09T12:41:15 EET" duration-ms="201" status="PASS">
          <reporter-output>
          </reporter-output>
        </test-method> <!-- afterMethod -->
        <test-method is-config="true" signature="beforeMethod()[pri:0, instance:TestCases.AllProductsPageTest@d1a10ac]" started-at="2025-12-09T12:41:15 EET" name="beforeMethod" finished-at="2025-12-09T12:41:21 EET" duration-ms="6632" status="PASS">
          <reporter-output>
          </reporter-output>
        </test-method> <!-- beforeMethod -->
        <test-method signature="searchProduct_TC9(java.lang.String)[pri:0, instance:TestCases.AllProductsPageTest@d1a10ac]" started-at="2025-12-09T12:41:21 EET" name="searchProduct_TC9" data-provider="productData" finished-at="2025-12-09T12:41:27 EET" duration-ms="5381" status="PASS">
          <params>
            <param index="0">
              <value>
                <![CDATA[Winter Top]]>
              </value>
            </param>
          </params>
          <reporter-output>
          </reporter-output>
        </test-method> <!-- searchProduct_TC9 -->
        <test-method is-config="true" signature="afterMethod()[pri:0, instance:TestCases.AllProductsPageTest@d1a10ac]" started-at="2025-12-09T12:41:27 EET" name="afterMethod" finished-at="2025-12-09T12:41:27 EET" duration-ms="208" status="PASS">
          <reporter-output>
          </reporter-output>
        </test-method> <!-- afterMethod -->
        <test-method is-config="true" signature="beforeMethod()[pri:0, instance:TestCases.AllProductsPageTest@d1a10ac]" started-at="2025-12-09T12:41:27 EET" name="beforeMethod" finished-at="2025-12-09T12:41:34 EET" duration-ms="7227" status="PASS">
          <reporter-output>
          </reporter-output>
        </test-method> <!-- beforeMethod -->
        <test-method signature="searchProduct_TC9(java.lang.String)[pri:0, instance:TestCases.AllProductsPageTest@d1a10ac]" started-at="2025-12-09T12:41:34 EET" name="searchProduct_TC9" data-provider="productData" finished-at="2025-12-09T12:41:42 EET" duration-ms="7533" status="PASS">
          <params>
            <param index="0">
              <value>
                <![CDATA[Summer White Top]]>
              </value>
            </param>
          </params>
          <reporter-output>
          </reporter-output>
        </test-method> <!-- searchProduct_TC9 -->
        <test-method is-config="true" signature="afterMethod()[pri:0, instance:TestCases.AllProductsPageTest@d1a10ac]" started-at="2025-12-09T12:41:42 EET" name="afterMethod" finished-at="2025-12-09T12:41:42 EET" duration-ms="188" status="PASS">
          <reporter-output>
          </reporter-output>
        </test-method> <!-- afterMethod -->
      </class> <!-- TestCases.AllProductsPageTest -->
      <class name="TestCases.LoginLogoutTest">
        <test-method is-config="true" signature="beforeClass()[pri:0, instance:TestCases.LoginLogoutTest@3005db4a]" started-at="2025-12-09T12:47:08 EET" name="beforeClass" finished-at="2025-12-09T12:47:08 EET" duration-ms="3" status="PASS">
          <reporter-output>
          </reporter-output>
        </test-method> <!-- beforeClass -->
        <test-method is-config="true" signature="beforeMethod()[pri:0, instance:TestCases.LoginLogoutTest@3005db4a]" started-at="2025-12-09T12:47:08 EET" name="beforeMethod" finished-at="2025-12-09T12:47:15 EET" duration-ms="6788" status="PASS">
          <reporter-output>
          </reporter-output>
        </test-method> <!-- beforeMethod -->
        <test-method signature="incorrectLogin_TC3(Helper.User)[pri:0, instance:TestCases.LoginLogoutTest@3005db4a]" started-at="2025-12-09T12:47:15 EET" name="incorrectLogin_TC3" data-provider="invalidUsersData" finished-at="2025-12-09T12:47:20 EET" duration-ms="4659" status="PASS">
          <params>
            <param index="0">
              <value>
                <![CDATA[Helper.User@4626f584]]>
              </value>
            </param>
          </params>
          <reporter-output>
          </reporter-output>
        </test-method> <!-- incorrectLogin_TC3 -->
        <test-method is-config="true" signature="afterMethod()[pri:0, instance:TestCases.LoginLogoutTest@3005db4a]" started-at="2025-12-09T12:47:20 EET" name="afterMethod" finished-at="2025-12-09T12:47:20 EET" duration-ms="192" status="PASS">
          <reporter-output>
          </reporter-output>
        </test-method> <!-- afterMethod -->
        <test-method is-config="true" signature="beforeMethod()[pri:0, instance:TestCases.LoginLogoutTest@3005db4a]" started-at="2025-12-09T12:47:20 EET" name="beforeMethod" finished-at="2025-12-09T12:47:28 EET" duration-ms="7852" status="PASS">
          <reporter-output>
          </reporter-output>
        </test-method> <!-- beforeMethod -->
        <test-method signature="incorrectLogin_TC3(Helper.User)[pri:0, instance:TestCases.LoginLogoutTest@3005db4a]" started-at="2025-12-09T12:47:28 EET" name="incorrectLogin_TC3" data-provider="invalidUsersData" finished-at="2025-12-09T12:47:31 EET" duration-ms="3063" status="PASS">
          <params>
            <param index="0">
              <value>
                <![CDATA[Helper.User@256c6f7a]]>
              </value>
            </param>
          </params>
          <reporter-output>
          </reporter-output>
        </test-method> <!-- incorrectLogin_TC3 -->
        <test-method is-config="true" signature="afterMethod()[pri:0, instance:TestCases.LoginLogoutTest@3005db4a]" started-at="2025-12-09T12:47:31 EET" name="afterMethod" finished-at="2025-12-09T12:47:31 EET" duration-ms="210" status="PASS">
          <reporter-output>
          </reporter-output>
        </test-method> <!-- afterMethod -->
        <test-method is-config="true" signature="beforeMethod()[pri:0, instance:TestCases.LoginLogoutTest@3005db4a]" started-at="2025-12-09T12:47:31 EET" name="beforeMethod" finished-at="2025-12-09T12:47:43 EET" duration-ms="11620" status="PASS">
          <reporter-output>
          </reporter-output>
        </test-method> <!-- beforeMethod -->
        <test-method signature="incorrectLogin_TC3(Helper.User)[pri:0, instance:TestCases.LoginLogoutTest@3005db4a]" started-at="2025-12-09T12:47:43 EET" name="incorrectLogin_TC3" data-provider="invalidUsersData" finished-at="2025-12-09T12:47:49 EET" duration-ms="6351" status="PASS">
          <params>
            <param index="0">
              <value>
                <![CDATA[Helper.User@752e4223]]>
              </value>
            </param>
          </params>
          <reporter-output>
          </reporter-output>
        </test-method> <!-- incorrectLogin_TC3 -->
        <test-method is-config="true" signature="afterMethod()[pri:0, instance:TestCases.LoginLogoutTest@3005db4a]" started-at="2025-12-09T12:47:49 EET" name="afterMethod" finished-at="2025-12-09T12:47:49 EET" duration-ms="174" status="PASS">
          <reporter-output>
          </reporter-output>
        </test-method> <!-- afterMethod -->
        <test-method is-config="true" signature="beforeMethod()[pri:0, instance:TestCases.LoginLogoutTest@3005db4a]" started-at="2025-12-09T12:47:49 EET" name="beforeMethod" finished-at="2025-12-09T12:47:56 EET" duration-ms="6706" status="PASS">
          <reporter-output>
          </reporter-output>
        </test-method> <!-- beforeMethod -->
        <test-method signature="registerUser(Helper.FullUserData)[pri:0, instance:TestCases.LoginLogoutTest@3005db4a]" started-at="2025-12-09T12:47:56 EET" name="registerUser" data-provider="registerUserData" finished-at="2025-12-09T12:48:12 EET" duration-ms="15966" status="FAIL">
          <params>
            <param index="0">
              <value>
                <![CDATA[Helper.FullUserData@5466a819]]>
              </value>
            </param>
          </params>
          <exception class="org.openqa.selenium.TimeoutException">
            <message>
              <![CDATA[Expected condition failed: waiting for presence of element located by: By.cssSelector: h2.title  b (tried for 10 second(s) with 500 milliseconds interval)]]>
            </message>
            <full-stacktrace>
              <![CDATA[org.openqa.selenium.TimeoutException: Expected condition failed: waiting for presence of element located by: By.cssSelector: h2.title  b (tried for 10 second(s) with 500 milliseconds interval)
at org.openqa.selenium.support.ui.WebDriverWait.timeoutException(WebDriverWait.java:84)
at org.openqa.selenium.support.ui.FluentWait.until(FluentWait.java:228)
at selenuim.SelenuimFramework.findElement(SelenuimFramework.java:71)
at selenuim.SelenuimFramework.getText(SelenuimFramework.java:153)
at pages.SignupPage.getEnterAccountInformationText(SignupPage.java:113)
at TestCases.LoginLogoutTest.registerUser(LoginLogoutTest.java:100)
at java.base/jdk.internal.reflect.DirectMethodHandleAccessor.invoke(DirectMethodHandleAccessor.java:104)
at java.base/java.lang.reflect.Method.invoke(Method.java:565)
at org.testng.internal.invokers.MethodInvocationHelper.invokeMethod(MethodInvocationHelper.java:141)
at org.testng.internal.invokers.TestInvoker.invokeMethod(TestInvoker.java:687)
at org.testng.internal.invokers.TestInvoker.invokeTestMethod(TestInvoker.java:230)
at org.testng.internal.invokers.MethodRunner.runInSequence(MethodRunner.java:63)
at org.testng.internal.invokers.TestInvoker$MethodInvocationAgent.invoke(TestInvoker.java:995)
at org.testng.internal.invokers.TestInvoker.invokeTestMethods(TestInvoker.java:203)
at org.testng.internal.invokers.TestMethodWorker.invokeTestMethods(TestMethodWorker.java:154)
at org.testng.internal.invokers.TestMethodWorker.run(TestMethodWorker.java:134)
at java.base/java.util.ArrayList.forEach(ArrayList.java:1604)
at org.testng.TestRunner.privateRun(TestRunner.java:741)
at org.testng.TestRunner.run(TestRunner.java:616)
at org.testng.SuiteRunner.runTest(SuiteRunner.java:421)
at org.testng.SuiteRunner.runSequentially(SuiteRunner.java:413)
at org.testng.SuiteRunner.privateRun(SuiteRunner.java:373)
at org.testng.SuiteRunner.run(SuiteRunner.java:312)
at org.testng.SuiteRunnerWorker.runSuite(SuiteRunnerWorker.java:52)
at org.testng.SuiteRunnerWorker.run(SuiteRunnerWorker.java:95)
at org.testng.TestNG.runSuitesSequentially(TestNG.java:1274)
at org.testng.TestNG.runSuitesLocally(TestNG.java:1208)
at org.testng.TestNG.runSuites(TestNG.java:1112)
at org.testng.TestNG.run(TestNG.java:1079)
at org.apache.maven.surefire.testng.TestNGExecutor.run(TestNGExecutor.java:308)
at org.apache.maven.surefire.testng.TestNGXmlTestSuite.execute(TestNGXmlTestSuite.java:71)
at org.apache.maven.surefire.testng.TestNGProvider.invoke(TestNGProvider.java:113)
at org.apache.maven.surefire.booter.ForkedBooter.runSuitesInProcess(ForkedBooter.java:385)
at org.apache.maven.surefire.booter.ForkedBooter.execute(ForkedBooter.java:162)
at org.apache.maven.surefire.booter.ForkedBooter.run(ForkedBooter.java:507)
at org.apache.maven.surefire.booter.ForkedBooter.main(ForkedBooter.java:495)
Caused by: org.openqa.selenium.NoSuchElementException: no such element: Unable to locate element: {"method":"css selector","selector":"h2.title  b"}
  (Session info: chrome=142.0.7444.177)
For documentation on this error, please visit: https://www.selenium.dev/documentation/webdriver/troubleshooting/errors#no-such-element-exception
Build info: version: '4.34.0', revision: '707dcb4246*'
System info: os.name: 'Windows 10', os.arch: 'amd64', os.version: '10.0', java.version: '24.0.1'
Driver info: org.openqa.selenium.chrome.ChromeDriver
Command: [ece9cad97eb197a21b5ed1d1c0c7bcb8, findElement {value=h2.title  b, using=css selector}]
Capabilities {acceptInsecureCerts: false, browserName: chrome, browserVersion: 142.0.7444.177, chrome: {chromedriverVersion: 142.0.7444.175 (302067f14a4..., userDataDir: C:\Users\Reem\AppData\Local...}, fedcm:accounts: true, goog:chromeOptions: {debuggerAddress: localhost:52238}, goog:processID: 37668, networkConnectionEnabled: false, pageLoadStrategy: normal, platformName: windows, proxy: Proxy(), se:cdp: ws://localhost:52238/devtoo..., se:cdpVersion: 142.0.7444.177, setWindowRect: true, strictFileInteractability: false, timeouts: {implicit: 0, pageLoad: 300000, script: 30000}, unhandledPromptBehavior: dismiss and notify, webauthn:extension:credBlob: true, webauthn:extension:largeBlob: true, webauthn:extension:minPinLength: true, webauthn:extension:prf: true, webauthn:virtualAuthenticators: true}
Session ID: ece9cad97eb197a21b5ed1d1c0c7bcb8
at java.base/jdk.internal.reflect.DirectConstructorHandleAccessor.newInstance(DirectConstructorHandleAccessor.java:62)
at java.base/java.lang.reflect.Constructor.newInstanceWithCaller(Constructor.java:499)
at java.base/java.lang.reflect.Constructor.newInstance(Constructor.java:483)
at org.openqa.selenium.remote.ErrorCodec.decode(ErrorCodec.java:167)
at org.openqa.selenium.remote.codec.w3c.W3CHttpResponseCodec.decode(W3CHttpResponseCodec.java:138)
at org.openqa.selenium.remote.codec.w3c.W3CHttpResponseCodec.decode(W3CHttpResponseCodec.java:50)
at org.openqa.selenium.remote.HttpCommandExecutor.execute(HttpCommandExecutor.java:215)
at org.openqa.selenium.remote.service.DriverCommandExecutor.invokeExecute(DriverCommandExecutor.java:216)
at org.openqa.selenium.remote.service.DriverCommandExecutor.execute(DriverCommandExecutor.java:174)
at org.openqa.selenium.remote.RemoteWebDriver.execute(RemoteWebDriver.java:544)
at org.openqa.selenium.remote.ElementLocation$ElementFinder$2.findElement(ElementLocation.java:165)
at org.openqa.selenium.remote.ElementLocation.findElement(ElementLocation.java:59)
at org.openqa.selenium.remote.RemoteWebDriver.findElement(RemoteWebDriver.java:367)
at org.openqa.selenium.remote.RemoteWebDriver.findElement(RemoteWebDriver.java:361)
at org.openqa.selenium.support.ui.ExpectedConditions$6.apply(ExpectedConditions.java:171)
at org.openqa.selenium.support.ui.ExpectedConditions$6.apply(ExpectedConditions.java:168)
at org.openqa.selenium.support.ui.FluentWait.until(FluentWait.java:203)
... 34 more
]]>
            </full-stacktrace>
          </exception> <!-- org.openqa.selenium.TimeoutException -->
          <reporter-output>
          </reporter-output>
        </test-method> <!-- registerUser -->
        <test-method is-config="true" signature="afterMethod()[pri:0, instance:TestCases.LoginLogoutTest@3005db4a]" started-at="2025-12-09T12:48:12 EET" name="afterMethod" finished-at="2025-12-09T12:48:12 EET" duration-ms="212" status="PASS">
          <reporter-output>
          </reporter-output>
        </test-method> <!-- afterMethod -->
        <test-method signature="logout_TC4(Helper.FullUserData)[pri:0, instance:TestCases.LoginLogoutTest@3005db4a]" started-at="2025-12-09T12:48:12 EET" name="logout_TC4" finished-at="2025-12-09T12:48:12 EET" depends-on-methods="TestCases.LoginLogoutTest.registerUser" duration-ms="0" status="SKIP">
          <exception class="java.lang.Throwable">
            <message>
              <![CDATA[Method TestCases.LoginLogoutTest.logout_TC4() on instance TestCases.LoginLogoutTest@3005db4a depends on not successfully finished methods 
[TestCases.LoginLogoutTest.registerUser() on instance TestCases.LoginLogoutTest@3005db4a]]]>
            </message>
            <full-stacktrace>
              <![CDATA[java.lang.Throwable: Method TestCases.LoginLogoutTest.logout_TC4() on instance TestCases.LoginLogoutTest@3005db4a depends on not successfully finished methods 
[TestCases.LoginLogoutTest.registerUser() on instance TestCases.LoginLogoutTest@3005db4a]
at org.testng.internal.invokers.TestInvoker.invokeTestMethods(TestInvoker.java:159)
at org.testng.internal.invokers.TestMethodWorker.invokeTestMethods(TestMethodWorker.java:154)
at org.testng.internal.invokers.TestMethodWorker.run(TestMethodWorker.java:134)
at java.base/java.util.ArrayList.forEach(ArrayList.java:1604)
at org.testng.TestRunner.privateRun(TestRunner.java:741)
at org.testng.TestRunner.run(TestRunner.java:616)
at org.testng.SuiteRunner.runTest(SuiteRunner.java:421)
at org.testng.SuiteRunner.runSequentially(SuiteRunner.java:413)
at org.testng.SuiteRunner.privateRun(SuiteRunner.java:373)
at org.testng.SuiteRunner.run(SuiteRunner.java:312)
at org.testng.SuiteRunnerWorker.runSuite(SuiteRunnerWorker.java:52)
at org.testng.SuiteRunnerWorker.run(SuiteRunnerWorker.java:95)
at org.testng.TestNG.runSuitesSequentially(TestNG.java:1274)
at org.testng.TestNG.runSuitesLocally(TestNG.java:1208)
at org.testng.TestNG.runSuites(TestNG.java:1112)
at org.testng.TestNG.run(TestNG.java:1079)
at org.apache.maven.surefire.testng.TestNGExecutor.run(TestNGExecutor.java:308)
at org.apache.maven.surefire.testng.TestNGXmlTestSuite.execute(TestNGXmlTestSuite.java:71)
at org.apache.maven.surefire.testng.TestNGProvider.invoke(TestNGProvider.java:113)
at org.apache.maven.surefire.booter.ForkedBooter.runSuitesInProcess(ForkedBooter.java:385)
at org.apache.maven.surefire.booter.ForkedBooter.execute(ForkedBooter.java:162)
at org.apache.maven.surefire.booter.ForkedBooter.run(ForkedBooter.java:507)
at org.apache.maven.surefire.booter.ForkedBooter.main(ForkedBooter.java:495)
]]>
            </full-stacktrace>
          </exception> <!-- java.lang.Throwable -->
          <reporter-output>
          </reporter-output>
        </test-method> <!-- logout_TC4 -->
        <test-method is-config="true" signature="beforeMethod()[pri:0, instance:TestCases.LoginLogoutTest@3005db4a]" started-at="2025-12-09T12:48:12 EET" name="beforeMethod" finished-at="2025-12-09T12:48:34 EET" duration-ms="22054" status="PASS">
          <reporter-output>
          </reporter-output>
        </test-method> <!-- beforeMethod -->
        <test-method signature="correctLogin_TC2(Helper.FullUserData)[pri:1, instance:TestCases.LoginLogoutTest@3005db4a]" started-at="2025-12-09T12:48:34 EET" name="correctLogin_TC2" data-provider="registerUserData" finished-at="2025-12-09T12:48:48 EET" duration-ms="13956" status="PASS">
          <params>
            <param index="0">
              <value>
                <![CDATA[Helper.FullUserData@5466a819]]>
              </value>
            </param>
          </params>
          <reporter-output>
          </reporter-output>
        </test-method> <!-- correctLogin_TC2 -->
        <test-method is-config="true" signature="afterMethod()[pri:0, instance:TestCases.LoginLogoutTest@3005db4a]" started-at="2025-12-09T12:48:48 EET" name="afterMethod" finished-at="2025-12-09T12:48:49 EET" duration-ms="220" status="PASS">
          <reporter-output>
          </reporter-output>
        </test-method> <!-- afterMethod -->
      </class> <!-- TestCases.LoginLogoutTest -->
      <class name="TestCases.ContactUsFormTest">
        <test-method is-config="true" signature="beforeClass()[pri:0, instance:TestCases.ContactUsFormTest@41f35f7c]" started-at="2025-12-09T12:46:02 EET" name="beforeClass" finished-at="2025-12-09T12:46:02 EET" duration-ms="105" status="PASS">
          <reporter-output>
          </reporter-output>
        </test-method> <!-- beforeClass -->
        <test-method is-config="true" signature="beforeMethod()[pri:0, instance:TestCases.ContactUsFormTest@41f35f7c]" started-at="2025-12-09T12:46:02 EET" name="beforeMethod" finished-at="2025-12-09T12:46:10 EET" duration-ms="7908" status="PASS">
          <reporter-output>
          </reporter-output>
        </test-method> <!-- beforeMethod -->
        <test-method signature="contactUsForm_TC6(Helper.ContactUsForm)[pri:0, instance:TestCases.ContactUsFormTest@41f35f7c]" started-at="2025-12-09T12:46:10 EET" name="contactUsForm_TC6" data-provider="contactUsFormData" finished-at="2025-12-09T12:46:21 EET" duration-ms="10764" status="PASS">
          <params>
            <param index="0">
              <value>
                <![CDATA[Helper.ContactUsForm@4769537a]]>
              </value>
            </param>
          </params>
          <reporter-output>
          </reporter-output>
        </test-method> <!-- contactUsForm_TC6 -->
        <test-method is-config="true" signature="afterMethod()[pri:0, instance:TestCases.ContactUsFormTest@41f35f7c]" started-at="2025-12-09T12:46:21 EET" name="afterMethod" finished-at="2025-12-09T12:46:21 EET" duration-ms="209" status="PASS">
          <reporter-output>
          </reporter-output>
        </test-method> <!-- afterMethod -->
      </class> <!-- TestCases.ContactUsFormTest -->
      <class name="TestCases.TestCasesPageTest">
        <test-method is-config="true" signature="beforeMethod()[pri:0, instance:TestCases.TestCasesPageTest@4cbd03e7]" started-at="2025-12-09T12:50:23 EET" name="beforeMethod" finished-at="2025-12-09T12:50:30 EET" duration-ms="7042" status="PASS">
          <reporter-output>
          </reporter-output>
        </test-method> <!-- beforeMethod -->
        <test-method signature="verifyTestCasesPage_TC7()[pri:0, instance:TestCases.TestCasesPageTest@4cbd03e7]" started-at="2025-12-09T12:50:30 EET" name="verifyTestCasesPage_TC7" finished-at="2025-12-09T12:50:34 EET" duration-ms="4098" status="PASS">
          <reporter-output>
          </reporter-output>
        </test-method> <!-- verifyTestCasesPage_TC7 -->
        <test-method is-config="true" signature="afterMethod()[pri:0, instance:TestCases.TestCasesPageTest@4cbd03e7]" started-at="2025-12-09T12:50:34 EET" name="afterMethod" finished-at="2025-12-09T12:50:34 EET" duration-ms="206" status="PASS">
          <reporter-output>
          </reporter-output>
        </test-method> <!-- afterMethod -->
      </class> <!-- TestCases.TestCasesPageTest -->
      <class name="TestCases.HomePageTest">
        <test-method is-config="true" signature="beforeMethod()[pri:0, instance:TestCases.HomePageTest@42c2f48c]" started-at="2025-12-09T12:46:21 EET" name="beforeMethod" finished-at="2025-12-09T12:46:30 EET" duration-ms="9107" status="PASS">
          <reporter-output>
          </reporter-output>
        </test-method> <!-- beforeMethod -->
        <test-method signature="scrollWithArrow_TC25()[pri:0, instance:TestCases.HomePageTest@42c2f48c]" started-at="2025-12-09T12:46:30 EET" name="scrollWithArrow_TC25" finished-at="2025-12-09T12:46:31 EET" duration-ms="933" status="PASS">
          <reporter-output>
          </reporter-output>
        </test-method> <!-- scrollWithArrow_TC25 -->
        <test-method is-config="true" signature="afterMethod()[pri:0, instance:TestCases.HomePageTest@42c2f48c]" started-at="2025-12-09T12:46:31 EET" name="afterMethod" finished-at="2025-12-09T12:46:31 EET" duration-ms="241" status="PASS">
          <reporter-output>
          </reporter-output>
        </test-method> <!-- afterMethod -->
        <test-method is-config="true" signature="beforeMethod()[pri:0, instance:TestCases.HomePageTest@42c2f48c]" started-at="2025-12-09T12:46:31 EET" name="beforeMethod" finished-at="2025-12-09T12:46:42 EET" duration-ms="10930" status="PASS">
          <reporter-output>
          </reporter-output>
        </test-method> <!-- beforeMethod -->
        <test-method signature="scrollWithoutArrow_TC26()[pri:0, instance:TestCases.HomePageTest@42c2f48c]" started-at="2025-12-09T12:46:42 EET" name="scrollWithoutArrow_TC26" finished-at="2025-12-09T12:46:43 EET" duration-ms="715" status="PASS">
          <reporter-output>
          </reporter-output>
        </test-method> <!-- scrollWithoutArrow_TC26 -->
        <test-method is-config="true" signature="afterMethod()[pri:0, instance:TestCases.HomePageTest@42c2f48c]" started-at="2025-12-09T12:46:43 EET" name="afterMethod" finished-at="2025-12-09T12:46:43 EET" duration-ms="181" status="PASS">
          <reporter-output>
          </reporter-output>
        </test-method> <!-- afterMethod -->
        <test-method is-config="true" signature="beforeMethod()[pri:0, instance:TestCases.HomePageTest@42c2f48c]" started-at="2025-12-09T12:46:43 EET" name="beforeMethod" finished-at="2025-12-09T12:46:51 EET" duration-ms="8162" status="PASS">
          <reporter-output>
          </reporter-output>
        </test-method> <!-- beforeMethod -->
        <test-method signature="verifySubscriptionInHomePage_TC10()[pri:0, instance:TestCases.HomePageTest@42c2f48c]" started-at="2025-12-09T12:46:51 EET" name="verifySubscriptionInHomePage_TC10" finished-at="2025-12-09T12:46:52 EET" duration-ms="742" status="PASS">
          <reporter-output>
          </reporter-output>
        </test-method> <!-- verifySubscriptionInHomePage_TC10 -->
        <test-method is-config="true" signature="afterMethod()[pri:0, instance:TestCases.HomePageTest@42c2f48c]" started-at="2025-12-09T12:46:52 EET" name="afterMethod" finished-at="2025-12-09T12:46:52 EET" duration-ms="178" status="PASS">
          <reporter-output>
          </reporter-output>
        </test-method> <!-- afterMethod -->
        <test-method is-config="true" signature="beforeMethod()[pri:0, instance:TestCases.HomePageTest@42c2f48c]" started-at="2025-12-09T12:46:52 EET" name="beforeMethod" finished-at="2025-12-09T12:47:00 EET" duration-ms="7740" status="PASS">
          <reporter-output>
          </reporter-output>
        </test-method> <!-- beforeMethod -->
        <test-method signature="viewCategoryProducts_TC18()[pri:0, instance:TestCases.HomePageTest@42c2f48c]" started-at="2025-12-09T12:47:00 EET" name="viewCategoryProducts_TC18" finished-at="2025-12-09T12:47:08 EET" duration-ms="7981" status="PASS">
          <reporter-output>
          </reporter-output>
        </test-method> <!-- viewCategoryProducts_TC18 -->
        <test-method is-config="true" signature="afterMethod()[pri:0, instance:TestCases.HomePageTest@42c2f48c]" started-at="2025-12-09T12:47:08 EET" name="afterMethod" finished-at="2025-12-09T12:47:08 EET" duration-ms="197" status="PASS">
          <reporter-output>
          </reporter-output>
        </test-method> <!-- afterMethod -->
      </class> <!-- TestCases.HomePageTest -->
      <class name="TestCases.ProductPageTest">
        <test-method is-config="true" signature="beforeClass()[pri:0, instance:TestCases.ProductPageTest@425d5d46]" started-at="2025-12-09T12:48:49 EET" name="beforeClass" finished-at="2025-12-09T12:48:49 EET" duration-ms="1" status="PASS">
          <reporter-output>
          </reporter-output>
        </test-method> <!-- beforeClass -->
        <test-method is-config="true" signature="beforeMethod()[pri:0, instance:TestCases.ProductPageTest@425d5d46]" started-at="2025-12-09T12:48:49 EET" name="beforeMethod" finished-at="2025-12-09T12:49:04 EET" duration-ms="15761" status="PASS">
          <reporter-output>
          </reporter-output>
        </test-method> <!-- beforeMethod -->
        <test-method signature="addReviewOnProduct_TC21(Helper.Reviews)[pri:0, instance:TestCases.ProductPageTest@425d5d46]" started-at="2025-12-09T12:49:04 EET" name="addReviewOnProduct_TC21" data-provider="reviewsData" finished-at="2025-12-09T12:49:17 EET" duration-ms="13047" status="PASS">
          <params>
            <param index="0">
              <value>
                <![CDATA[Helper.Reviews@6af02de0]]>
              </value>
            </param>
          </params>
          <reporter-output>
          </reporter-output>
        </test-method> <!-- addReviewOnProduct_TC21 -->
        <test-method is-config="true" signature="afterMethod()[pri:0, instance:TestCases.ProductPageTest@425d5d46]" started-at="2025-12-09T12:49:18 EET" name="afterMethod" finished-at="2025-12-09T12:49:18 EET" duration-ms="195" status="PASS">
          <reporter-output>
          </reporter-output>
        </test-method> <!-- afterMethod -->
        <test-method is-config="true" signature="beforeMethod()[pri:0, instance:TestCases.ProductPageTest@425d5d46]" started-at="2025-12-09T12:49:18 EET" name="beforeMethod" finished-at="2025-12-09T12:49:26 EET" duration-ms="8127" status="PASS">
          <reporter-output>
          </reporter-output>
        </test-method> <!-- beforeMethod -->
        <test-method signature="verifyProductsAndProductDetailPage_TC8()[pri:0, instance:TestCases.ProductPageTest@425d5d46]" started-at="2025-12-09T12:49:26 EET" name="verifyProductsAndProductDetailPage_TC8" finished-at="2025-12-09T12:49:36 EET" duration-ms="10414" status="PASS">
          <reporter-output>
          </reporter-output>
        </test-method> <!-- verifyProductsAndProductDetailPage_TC8 -->
        <test-method is-config="true" signature="afterMethod()[pri:0, instance:TestCases.ProductPageTest@425d5d46]" started-at="2025-12-09T12:49:36 EET" name="afterMethod" finished-at="2025-12-09T12:49:37 EET" duration-ms="229" status="PASS">
          <reporter-output>
          </reporter-output>
        </test-method> <!-- afterMethod -->
      </class> <!-- TestCases.ProductPageTest -->
      <class name="TestCases.CartPageTest">
        <test-method is-config="true" signature="beforeClass()[pri:0, instance:TestCases.CartPageTest@12db3386]" started-at="2025-12-09T12:41:42 EET" name="beforeClass" finished-at="2025-12-09T12:41:42 EET" duration-ms="1" status="PASS">
          <reporter-output>
          </reporter-output>
        </test-method> <!-- beforeClass -->
        <test-method is-config="true" signature="beforeMethod()[pri:0, instance:TestCases.CartPageTest@12db3386]" started-at="2025-12-09T12:41:42 EET" name="beforeMethod" finished-at="2025-12-09T12:41:53 EET" duration-ms="11146" status="PASS">
          <reporter-output>
          </reporter-output>
        </test-method> <!-- beforeMethod -->
        <test-method signature="AddToCartFromRecommendedItems_TC22()[pri:0, instance:TestCases.CartPageTest@12db3386]" started-at="2025-12-09T12:41:53 EET" name="AddToCartFromRecommendedItems_TC22" finished-at="2025-12-09T12:41:57 EET" duration-ms="4052" status="PASS">
          <reporter-output>
          </reporter-output>
        </test-method> <!-- AddToCartFromRecommendedItems_TC22 -->
        <test-method is-config="true" signature="afterMethod()[pri:0, instance:TestCases.CartPageTest@12db3386]" started-at="2025-12-09T12:41:57 EET" name="afterMethod" finished-at="2025-12-09T12:41:58 EET" duration-ms="220" status="PASS">
          <reporter-output>
          </reporter-output>
        </test-method> <!-- afterMethod -->
        <test-method is-config="true" signature="beforeMethod()[pri:0, instance:TestCases.CartPageTest@12db3386]" started-at="2025-12-09T12:41:58 EET" name="beforeMethod" finished-at="2025-12-09T12:42:09 EET" duration-ms="10975" status="PASS">
          <reporter-output>
          </reporter-output>
        </test-method> <!-- beforeMethod -->
        <test-method signature="addProductsInCart_TC12()[pri:0, instance:TestCases.CartPageTest@12db3386]" started-at="2025-12-09T12:42:09 EET" name="addProductsInCart_TC12" finished-at="2025-12-09T12:42:24 EET" duration-ms="15078" status="PASS">
          <reporter-output>
          </reporter-output>
        </test-method> <!-- addProductsInCart_TC12 -->
        <test-method is-config="true" signature="afterMethod()[pri:0, instance:TestCases.CartPageTest@12db3386]" started-at="2025-12-09T12:42:24 EET" name="afterMethod" finished-at="2025-12-09T12:42:24 EET" duration-ms="267" status="PASS">
          <reporter-output>
          </reporter-output>
        </test-method> <!-- afterMethod -->
        <test-method is-config="true" signature="beforeMethod()[pri:0, instance:TestCases.CartPageTest@12db3386]" started-at="2025-12-09T12:42:24 EET" name="beforeMethod" finished-at="2025-12-09T12:42:31 EET" duration-ms="6507" status="PASS">
          <reporter-output>
          </reporter-output>
        </test-method> <!-- beforeMethod -->
        <test-method signature="removeProductsFromCart_TC17()[pri:0, instance:TestCases.CartPageTest@12db3386]" started-at="2025-12-09T12:42:31 EET" name="removeProductsFromCart_TC17" finished-at="2025-12-09T12:42:37 EET" duration-ms="6694" status="PASS">
          <reporter-output>
          </reporter-output>
        </test-method> <!-- removeProductsFromCart_TC17 -->
        <test-method is-config="true" signature="afterMethod()[pri:0, instance:TestCases.CartPageTest@12db3386]" started-at="2025-12-09T12:42:37 EET" name="afterMethod" finished-at="2025-12-09T12:42:38 EET" duration-ms="240" status="PASS">
          <reporter-output>
          </reporter-output>
        </test-method> <!-- afterMethod -->
        <test-method is-config="true" signature="beforeMethod()[pri:0, instance:TestCases.CartPageTest@12db3386]" started-at="2025-12-09T12:42:38 EET" name="beforeMethod" finished-at="2025-12-09T12:42:44 EET" duration-ms="6635" status="PASS">
          <reporter-output>
          </reporter-output>
        </test-method> <!-- beforeMethod -->
        <test-method signature="searchProductsAndVerifyCartAfterLogin_TC20(Helper.RegisteredUser)[pri:0, instance:TestCases.CartPageTest@12db3386]" started-at="2025-12-09T12:42:44 EET" name="searchProductsAndVerifyCartAfterLogin_TC20" data-provider="registeredUserData" finished-at="2025-12-09T12:43:13 EET" duration-ms="29164" status="PASS">
          <params>
            <param index="0">
              <value>
                <![CDATA[Helper.RegisteredUser@3b0ed98a]]>
              </value>
            </param>
          </params>
          <reporter-output>
          </reporter-output>
        </test-method> <!-- searchProductsAndVerifyCartAfterLogin_TC20 -->
        <test-method is-config="true" signature="afterMethod()[pri:0, instance:TestCases.CartPageTest@12db3386]" started-at="2025-12-09T12:43:13 EET" name="afterMethod" finished-at="2025-12-09T12:43:14 EET" duration-ms="269" status="PASS">
          <reporter-output>
          </reporter-output>
        </test-method> <!-- afterMethod -->
        <test-method is-config="true" signature="beforeMethod()[pri:0, instance:TestCases.CartPageTest@12db3386]" started-at="2025-12-09T12:43:14 EET" name="beforeMethod" finished-at="2025-12-09T12:43:26 EET" duration-ms="11888" status="PASS">
          <reporter-output>
          </reporter-output>
        </test-method> <!-- beforeMethod -->
        <test-method signature="verifyProductQuantityInCart_TC13()[pri:0, instance:TestCases.CartPageTest@12db3386]" started-at="2025-12-09T12:43:26 EET" name="verifyProductQuantityInCart_TC13" finished-at="2025-12-09T12:43:33 EET" duration-ms="6878" status="PASS">
          <reporter-output>
          </reporter-output>
        </test-method> <!-- verifyProductQuantityInCart_TC13 -->
        <test-method is-config="true" signature="afterMethod()[pri:0, instance:TestCases.CartPageTest@12db3386]" started-at="2025-12-09T12:43:33 EET" name="afterMethod" finished-at="2025-12-09T12:43:33 EET" duration-ms="221" status="PASS">
          <reporter-output>
          </reporter-output>
        </test-method> <!-- afterMethod -->
        <test-method is-config="true" signature="beforeMethod()[pri:0, instance:TestCases.CartPageTest@12db3386]" started-at="2025-12-09T12:43:33 EET" name="beforeMethod" finished-at="2025-12-09T12:43:40 EET" duration-ms="7331" status="PASS">
          <reporter-output>
          </reporter-output>
        </test-method> <!-- beforeMethod -->
        <test-method signature="verifySubscriptionInCartPage_TC11()[pri:0, instance:TestCases.CartPageTest@12db3386]" started-at="2025-12-09T12:43:40 EET" name="verifySubscriptionInCartPage_TC11" finished-at="2025-12-09T12:43:42 EET" duration-ms="2085" status="PASS">
          <reporter-output>
          </reporter-output>
        </test-method> <!-- verifySubscriptionInCartPage_TC11 -->
        <test-method is-config="true" signature="afterMethod()[pri:0, instance:TestCases.CartPageTest@12db3386]" started-at="2025-12-09T12:43:42 EET" name="afterMethod" finished-at="2025-12-09T12:43:42 EET" duration-ms="193" status="PASS">
          <reporter-output>
          </reporter-output>
        </test-method> <!-- afterMethod -->
      </class> <!-- TestCases.CartPageTest -->
    </test> <!-- AllTests -->
  </suite> <!-- AllTestsSuite -->
</testng-results>
