<?xml version="1.0" encoding="UTF-8"?>
<!-- Generated by org.testng.reporters.JUnitReportReporter -->
<testsuite hostname="DESKTOP-07ABM5F" failures="0" tests="2" name="TestCases.RegisterTest" time="46.045" errors="0" timestamp="2025-12-09T12:50:34 EET" skipped="0">
  <testcase classname="TestCases.RegisterTest" name="registerUser_TC1" time="33.797"/>
  <testcase classname="TestCases.RegisterTest" name="registerUserWithExistingEmail_TC5" time="12.248"/>
</testsuite> <!-- TestCases.RegisterTest -->
