<?xml version="1.0" encoding="UTF-8"?>
<!-- Generated by org.testng.reporters.JUnitReportReporter -->
<testsuite hostname="DESKTOP-07ABM5F" failures="0" tests="4" name="TestCases.AllProductsPageTest" time="85.400" errors="0" timestamp="2025-12-09T12:50:34 EET" skipped="0">
  <testcase classname="TestCases.AllProductsPageTest" name="searchProduct_TC9" time="16.200"/>
  <testcase classname="TestCases.AllProductsPageTest" name="ViewAndCartBrandProducts_TC19" time="39.583"/>
  <testcase classname="TestCases.AllProductsPageTest" name="searchProduct_TC9" time="12.809"/>
  <testcase classname="TestCases.AllProductsPageTest" name="searchProduct_TC9" time="16.808"/>
</testsuite> <!-- TestCases.AllProductsPageTest -->
