<?xml version="1.0" encoding="UTF-8"?>
<!-- Generated by org.testng.reporters.JUnitReportReporter -->
<testsuite hostname="DESKTOP-07ABM5F" failures="0" tests="6" name="TestCases.CartPageTest" time="119.843" errors="0" timestamp="2025-12-09T12:50:34 EET" skipped="0">
  <testcase classname="TestCases.CartPageTest" name="verifyProductQuantityInCart_TC13" time="18.293"/>
  <testcase classname="TestCases.CartPageTest" name="verifySubscriptionInCartPage_TC11" time="8.987"/>
  <testcase classname="TestCases.CartPageTest" name="searchProductsAndVerifyCartAfterLogin_TC20" time="35.911"/>
  <testcase classname="TestCases.CartPageTest" name="removeProductsFromCart_TC17" time="17.862"/>
  <testcase classname="TestCases.CartPageTest" name="addProductsInCart_TC12" time="22.630"/>
  <testcase classname="TestCases.CartPageTest" name="AddToCartFromRecommendedItems_TC22" time="16.160"/>
</testsuite> <!-- TestCases.CartPageTest -->
