<?xml version="1.0" encoding="UTF-8"?>
<!-- Generated by org.testng.reporters.JUnitReportReporter -->
<testsuite hostname="DESKTOP-07ABM5F" failures="0" tests="2" name="TestCases.ProductPageTest" time="47.773" errors="0" timestamp="2025-12-09T12:50:34 EET" skipped="0">
  <testcase classname="TestCases.ProductPageTest" name="addReviewOnProduct_TC21" time="29.037"/>
  <testcase classname="TestCases.ProductPageTest" name="verifyProductsAndProductDetailPage_TC8" time="18.736"/>
</testsuite> <!-- TestCases.ProductPageTest -->
