<?xml version="1.0" encoding="UTF-8"?>
<!-- Generated by org.testng.reporters.JUnitReportReporter -->
<testsuite hostname="DESKTOP-07ABM5F" failures="0" tests="4" name="TestCases.HomePageTest" time="47.107" errors="0" timestamp="2025-12-09T12:50:34 EET" skipped="0">
  <testcase classname="TestCases.HomePageTest" name="scrollWithArrow_TC25" time="10.237"/>
  <testcase classname="TestCases.HomePageTest" name="viewCategoryProducts_TC18" time="16.384"/>
  <testcase classname="TestCases.HomePageTest" name="scrollWithoutArrow_TC26" time="11.826"/>
  <testcase classname="TestCases.HomePageTest" name="verifySubscriptionInHomePage_TC10" time="8.660"/>
</testsuite> <!-- TestCases.HomePageTest -->
