<?xml version="1.0" encoding="UTF-8"?>
<!-- Generated by org.testng.reporters.JUnitXMLReporter -->
<testsuite ignored="0" hostname="DESKTOP-07ABM5F" failures="6" tests="32" name="AllTests" time="618.199" errors="0" timestamp="2025-12-09T12:50:34 EET">
  <testcase classname="TestCases.AllProductsPageTest" name="ViewAndCartBrandProducts_TC19" time="12.515"/>
  <testcase classname="TestCases.AllProductsPageTest" name="searchProduct_TC9" time="9.968"/>
  <testcase classname="TestCases.AllProductsPageTest" name="searchProduct_TC9" time="5.381"/>
  <testcase classname="TestCases.AllProductsPageTest" name="searchProduct_TC9" time="7.533"/>
  <testcase classname="TestCases.CartPageTest" name="AddToCartFromRecommendedItems_TC22" time="4.052"/>
  <testcase classname="TestCases.CartPageTest" name="addProductsInCart_TC12" time="15.078"/>
  <testcase classname="TestCases.CartPageTest" name="removeProductsFromCart_TC17" time="6.694"/>
  <testcase classname="TestCases.CartPageTest" name="searchProductsAndVerifyCartAfterLogin_TC20" time="29.164"/>
  <testcase classname="TestCases.CartPageTest" name="verifyProductQuantityInCart_TC13" time="6.878"/>
  <testcase classname="TestCases.CartPageTest" name="verifySubscriptionInCartPage_TC11" time="2.085"/>
  <testcase classname="TestCases.CheckoutPageTest" name="verifyAddressDetailsInCheckoutPage_TC23" time="15.821">
    <failure type="org.openqa.selenium.TimeoutException" message="Expected condition failed: waiting for element to be clickable: By.cssSelector: input#id_gender1 (tried for 10 second(s) with 500 milliseconds interval)
Build info: version: &amp;apos;4.34.0&amp;apos;, revision: &amp;apos;707dcb4246*&amp;apos;
System info: os.name: &amp;apos;Windows 10&amp;apos;, os.arch: &amp;apos;amd64&amp;apos;, os.version: &amp;apos;10.0&amp;apos;, java.version: &amp;apos;24.0.1&amp;apos;
Driver info: org.openqa.selenium.chrome.ChromeDriver
Capabilities {acceptInsecureCerts: false, browserName: chrome, browserVersion: 142.0.7444.177, chrome: {chromedriverVersion: 142.0.7444.175 (302067f14a4..., userDataDir: C:\Users\Reem\AppData\Local...}, fedcm:accounts: true, goog:chromeOptions: {debuggerAddress: localhost:50920}, goog:processID: 7860, networkConnectionEnabled: false, pageLoadStrategy: normal, platformName: windows, proxy: Proxy(), se:cdp: ws://localhost:50920/devtoo..., se:cdpVersion: 142.0.7444.177, setWindowRect: true, strictFileInteractability: false, timeouts: {implicit: 0, pageLoad: 300000, script: 30000}, unhandledPromptBehavior: dismiss and notify, webauthn:extension:credBlob: true, webauthn:extension:largeBlob: true, webauthn:extension:minPinLength: true, webauthn:extension:prf: true, webauthn:virtualAuthenticators: true}
Session ID: 0cd2592105f90eeda762a2c3b700ea6c">
      <![CDATA[org.openqa.selenium.TimeoutException: Expected condition failed: waiting for element to be clickable: By.cssSelector: input#id_gender1 (tried for 10 second(s) with 500 milliseconds interval)
Build info: version: '4.34.0', revision: '707dcb4246*'
System info: os.name: 'Windows 10', os.arch: 'amd64', os.version: '10.0', java.version: '24.0.1'
Driver info: org.openqa.selenium.chrome.ChromeDriver
Capabilities {acceptInsecureCerts: false, browserName: chrome, browserVersion: 142.0.7444.177, chrome: {chromedriverVersion: 142.0.7444.175 (302067f14a4..., userDataDir: C:\Users\Reem\AppData\Local...}, fedcm:accounts: true, goog:chromeOptions: {debuggerAddress: localhost:50920}, goog:processID: 7860, networkConnectionEnabled: false, pageLoadStrategy: normal, platformName: windows, proxy: Proxy(), se:cdp: ws://localhost:50920/devtoo..., se:cdpVersion: 142.0.7444.177, setWindowRect: true, strictFileInteractability: false, timeouts: {implicit: 0, pageLoad: 300000, script: 30000}, unhandledPromptBehavior: dismiss and notify, webauthn:extension:credBlob: true, webauthn:extension:largeBlob: true, webauthn:extension:minPinLength: true, webauthn:extension:prf: true, webauthn:virtualAuthenticators: true}
Session ID: 0cd2592105f90eeda762a2c3b700ea6c
at org.openqa.selenium.support.ui.WebDriverWait.timeoutException(WebDriverWait.java:84)
at org.openqa.selenium.support.ui.FluentWait.until(FluentWait.java:228)
at selenuim.SelenuimFramework.waitUntilClickable(SelenuimFramework.java:81)
at selenuim.SelenuimFramework.selectRadioButton(SelenuimFramework.java:216)
at pages.SignupPage.selectSignupRadioButtonTitleMr(SignupPage.java:126)
at TestCases.CheckoutPageTest.verifyAddressDetailsInCheckoutPage_TC23(CheckoutPageTest.java:751)
at java.base/java.util.ArrayList.forEach(ArrayList.java:1604)
... Removed 29 stack frames]]>
    </failure>
  </testcase> <!-- verifyAddressDetailsInCheckoutPage_TC23 -->
  <testcase classname="TestCases.CheckoutPageTest" name="downloadInvoiceAfterPurchaseOrder_TC24" time="22.139">
    <failure type="org.openqa.selenium.TimeoutException" message="Expected condition failed: waiting for element to be clickable: By.cssSelector: input#id_gender1 (tried for 10 second(s) with 500 milliseconds interval)
Build info: version: &amp;apos;4.34.0&amp;apos;, revision: &amp;apos;707dcb4246*&amp;apos;
System info: os.name: &amp;apos;Windows 10&amp;apos;, os.arch: &amp;apos;amd64&amp;apos;, os.version: &amp;apos;10.0&amp;apos;, java.version: &amp;apos;24.0.1&amp;apos;
Driver info: org.openqa.selenium.chrome.ChromeDriver
Capabilities {acceptInsecureCerts: false, browserName: chrome, browserVersion: 142.0.7444.177, chrome: {chromedriverVersion: 142.0.7444.175 (302067f14a4..., userDataDir: C:\Users\Reem\AppData\Local...}, fedcm:accounts: true, goog:chromeOptions: {debuggerAddress: localhost:50992}, goog:processID: 27800, networkConnectionEnabled: false, pageLoadStrategy: normal, platformName: windows, proxy: Proxy(), se:cdp: ws://localhost:50992/devtoo..., se:cdpVersion: 142.0.7444.177, setWindowRect: true, strictFileInteractability: false, timeouts: {implicit: 0, pageLoad: 300000, script: 30000}, unhandledPromptBehavior: dismiss and notify, webauthn:extension:credBlob: true, webauthn:extension:largeBlob: true, webauthn:extension:minPinLength: true, webauthn:extension:prf: true, webauthn:virtualAuthenticators: true}
Session ID: 64dfbdc1a60e88ba87ade8b859222b7a">
      <![CDATA[org.openqa.selenium.TimeoutException: Expected condition failed: waiting for element to be clickable: By.cssSelector: input#id_gender1 (tried for 10 second(s) with 500 milliseconds interval)
Build info: version: '4.34.0', revision: '707dcb4246*'
System info: os.name: 'Windows 10', os.arch: 'amd64', os.version: '10.0', java.version: '24.0.1'
Driver info: org.openqa.selenium.chrome.ChromeDriver
Capabilities {acceptInsecureCerts: false, browserName: chrome, browserVersion: 142.0.7444.177, chrome: {chromedriverVersion: 142.0.7444.175 (302067f14a4..., userDataDir: C:\Users\Reem\AppData\Local...}, fedcm:accounts: true, goog:chromeOptions: {debuggerAddress: localhost:50992}, goog:processID: 27800, networkConnectionEnabled: false, pageLoadStrategy: normal, platformName: windows, proxy: Proxy(), se:cdp: ws://localhost:50992/devtoo..., se:cdpVersion: 142.0.7444.177, setWindowRect: true, strictFileInteractability: false, timeouts: {implicit: 0, pageLoad: 300000, script: 30000}, unhandledPromptBehavior: dismiss and notify, webauthn:extension:credBlob: true, webauthn:extension:largeBlob: true, webauthn:extension:minPinLength: true, webauthn:extension:prf: true, webauthn:virtualAuthenticators: true}
Session ID: 64dfbdc1a60e88ba87ade8b859222b7a
at org.openqa.selenium.support.ui.WebDriverWait.timeoutException(WebDriverWait.java:84)
at org.openqa.selenium.support.ui.FluentWait.until(FluentWait.java:228)
at selenuim.SelenuimFramework.waitUntilClickable(SelenuimFramework.java:81)
at selenuim.SelenuimFramework.selectRadioButton(SelenuimFramework.java:216)
at pages.SignupPage.selectSignupRadioButtonTitleMr(SignupPage.java:126)
at TestCases.CheckoutPageTest.downloadInvoiceAfterPurchaseOrder_TC24(CheckoutPageTest.java:921)
at java.base/java.util.ArrayList.forEach(ArrayList.java:1604)
... Removed 29 stack frames]]>
    </failure>
  </testcase> <!-- downloadInvoiceAfterPurchaseOrder_TC24 -->
  <testcase classname="TestCases.CheckoutPageTest" name="placeOrderRegisterBeforeCheckout_TC15" time="17.632">
    <failure type="org.openqa.selenium.TimeoutException" message="Expected condition failed: waiting for element to be clickable: By.cssSelector: input#id_gender1 (tried for 10 second(s) with 500 milliseconds interval)
Build info: version: &amp;apos;4.34.0&amp;apos;, revision: &amp;apos;707dcb4246*&amp;apos;
System info: os.name: &amp;apos;Windows 10&amp;apos;, os.arch: &amp;apos;amd64&amp;apos;, os.version: &amp;apos;10.0&amp;apos;, java.version: &amp;apos;24.0.1&amp;apos;
Driver info: org.openqa.selenium.chrome.ChromeDriver
Capabilities {acceptInsecureCerts: false, browserName: chrome, browserVersion: 142.0.7444.177, chrome: {chromedriverVersion: 142.0.7444.175 (302067f14a4..., userDataDir: C:\Users\Reem\AppData\Local...}, fedcm:accounts: true, goog:chromeOptions: {debuggerAddress: localhost:58676}, goog:processID: 5964, networkConnectionEnabled: false, pageLoadStrategy: normal, platformName: windows, proxy: Proxy(), se:cdp: ws://localhost:58676/devtoo..., se:cdpVersion: 142.0.7444.177, setWindowRect: true, strictFileInteractability: false, timeouts: {implicit: 0, pageLoad: 300000, script: 30000}, unhandledPromptBehavior: dismiss and notify, webauthn:extension:credBlob: true, webauthn:extension:largeBlob: true, webauthn:extension:minPinLength: true, webauthn:extension:prf: true, webauthn:virtualAuthenticators: true}
Session ID: 603208b9e703d89892037d399be9b7be">
      <![CDATA[org.openqa.selenium.TimeoutException: Expected condition failed: waiting for element to be clickable: By.cssSelector: input#id_gender1 (tried for 10 second(s) with 500 milliseconds interval)
Build info: version: '4.34.0', revision: '707dcb4246*'
System info: os.name: 'Windows 10', os.arch: 'amd64', os.version: '10.0', java.version: '24.0.1'
Driver info: org.openqa.selenium.chrome.ChromeDriver
Capabilities {acceptInsecureCerts: false, browserName: chrome, browserVersion: 142.0.7444.177, chrome: {chromedriverVersion: 142.0.7444.175 (302067f14a4..., userDataDir: C:\Users\Reem\AppData\Local...}, fedcm:accounts: true, goog:chromeOptions: {debuggerAddress: localhost:58676}, goog:processID: 5964, networkConnectionEnabled: false, pageLoadStrategy: normal, platformName: windows, proxy: Proxy(), se:cdp: ws://localhost:58676/devtoo..., se:cdpVersion: 142.0.7444.177, setWindowRect: true, strictFileInteractability: false, timeouts: {implicit: 0, pageLoad: 300000, script: 30000}, unhandledPromptBehavior: dismiss and notify, webauthn:extension:credBlob: true, webauthn:extension:largeBlob: true, webauthn:extension:minPinLength: true, webauthn:extension:prf: true, webauthn:virtualAuthenticators: true}
Session ID: 603208b9e703d89892037d399be9b7be
at org.openqa.selenium.support.ui.WebDriverWait.timeoutException(WebDriverWait.java:84)
at org.openqa.selenium.support.ui.FluentWait.until(FluentWait.java:228)
at selenuim.SelenuimFramework.waitUntilClickable(SelenuimFramework.java:81)
at selenuim.SelenuimFramework.selectRadioButton(SelenuimFramework.java:216)
at pages.SignupPage.selectSignupRadioButtonTitleMr(SignupPage.java:126)
at TestCases.CheckoutPageTest.placeOrderRegisterBeforeCheckout_TC15(CheckoutPageTest.java:550)
at java.base/java.util.ArrayList.forEach(ArrayList.java:1604)
... Removed 29 stack frames]]>
    </failure>
  </testcase> <!-- placeOrderRegisterBeforeCheckout_TC15 -->
  <testcase classname="TestCases.CheckoutPageTest" name="placeOrderRegisterWhileCheckout_TC14" time="26.096">
    <failure type="org.openqa.selenium.TimeoutException" message="Expected condition failed: waiting for element to be clickable: By.cssSelector: input#id_gender1 (tried for 10 second(s) with 500 milliseconds interval)
Build info: version: &amp;apos;4.34.0&amp;apos;, revision: &amp;apos;707dcb4246*&amp;apos;
System info: os.name: &amp;apos;Windows 10&amp;apos;, os.arch: &amp;apos;amd64&amp;apos;, os.version: &amp;apos;10.0&amp;apos;, java.version: &amp;apos;24.0.1&amp;apos;
Driver info: org.openqa.selenium.chrome.ChromeDriver
Capabilities {acceptInsecureCerts: false, browserName: chrome, browserVersion: 142.0.7444.177, chrome: {chromedriverVersion: 142.0.7444.175 (302067f14a4..., userDataDir: C:\Users\Reem\AppData\Local...}, fedcm:accounts: true, goog:chromeOptions: {debuggerAddress: localhost:58721}, goog:processID: 23640, networkConnectionEnabled: false, pageLoadStrategy: normal, platformName: windows, proxy: Proxy(), se:cdp: ws://localhost:58721/devtoo..., se:cdpVersion: 142.0.7444.177, setWindowRect: true, strictFileInteractability: false, timeouts: {implicit: 0, pageLoad: 300000, script: 30000}, unhandledPromptBehavior: dismiss and notify, webauthn:extension:credBlob: true, webauthn:extension:largeBlob: true, webauthn:extension:minPinLength: true, webauthn:extension:prf: true, webauthn:virtualAuthenticators: true}
Session ID: 606f1f85f45c20455fda9b1a84b7a73a">
      <![CDATA[org.openqa.selenium.TimeoutException: Expected condition failed: waiting for element to be clickable: By.cssSelector: input#id_gender1 (tried for 10 second(s) with 500 milliseconds interval)
Build info: version: '4.34.0', revision: '707dcb4246*'
System info: os.name: 'Windows 10', os.arch: 'amd64', os.version: '10.0', java.version: '24.0.1'
Driver info: org.openqa.selenium.chrome.ChromeDriver
Capabilities {acceptInsecureCerts: false, browserName: chrome, browserVersion: 142.0.7444.177, chrome: {chromedriverVersion: 142.0.7444.175 (302067f14a4..., userDataDir: C:\Users\Reem\AppData\Local...}, fedcm:accounts: true, goog:chromeOptions: {debuggerAddress: localhost:58721}, goog:processID: 23640, networkConnectionEnabled: false, pageLoadStrategy: normal, platformName: windows, proxy: Proxy(), se:cdp: ws://localhost:58721/devtoo..., se:cdpVersion: 142.0.7444.177, setWindowRect: true, strictFileInteractability: false, timeouts: {implicit: 0, pageLoad: 300000, script: 30000}, unhandledPromptBehavior: dismiss and notify, webauthn:extension:credBlob: true, webauthn:extension:largeBlob: true, webauthn:extension:minPinLength: true, webauthn:extension:prf: true, webauthn:virtualAuthenticators: true}
Session ID: 606f1f85f45c20455fda9b1a84b7a73a
at org.openqa.selenium.support.ui.WebDriverWait.timeoutException(WebDriverWait.java:84)
at org.openqa.selenium.support.ui.FluentWait.until(FluentWait.java:228)
at selenuim.SelenuimFramework.waitUntilClickable(SelenuimFramework.java:81)
at selenuim.SelenuimFramework.selectRadioButton(SelenuimFramework.java:216)
at pages.SignupPage.selectSignupRadioButtonTitleMr(SignupPage.java:126)
at TestCases.CheckoutPageTest.placeOrderRegisterWhileCheckout_TC14(CheckoutPageTest.java:364)
at java.base/java.util.ArrayList.forEach(ArrayList.java:1604)
... Removed 29 stack frames]]>
    </failure>
  </testcase> <!-- placeOrderRegisterWhileCheckout_TC14 -->
  <testcase classname="TestCases.CheckoutPageTest" name="registerUser" time="13.782">
    <failure type="org.openqa.selenium.TimeoutException" message="Expected condition failed: waiting for presence of element located by: By.cssSelector: h2.title  b (tried for 10 second(s) with 500 milliseconds interval)">
      <![CDATA[org.openqa.selenium.TimeoutException: Expected condition failed: waiting for presence of element located by: By.cssSelector: h2.title  b (tried for 10 second(s) with 500 milliseconds interval)
at org.openqa.selenium.support.ui.WebDriverWait.timeoutException(WebDriverWait.java:84)
at org.openqa.selenium.support.ui.FluentWait.until(FluentWait.java:228)
at selenuim.SelenuimFramework.findElement(SelenuimFramework.java:71)
at selenuim.SelenuimFramework.getText(SelenuimFramework.java:153)
at pages.SignupPage.getEnterAccountInformationText(SignupPage.java:113)
at TestCases.CheckoutPageTest.registerUser(CheckoutPageTest.java:105)
at java.base/java.util.ArrayList.forEach(ArrayList.java:1604)
Caused by: org.openqa.selenium.NoSuchElementException: no such element: Unable to locate element: {"method":"css selector","selector":"h2.title  b"}
  (Session info: chrome=142.0.7444.177)
For documentation on this error, please visit: https://www.selenium.dev/documentation/webdriver/troubleshooting/errors#no-such-element-exception
Build info: version: '4.34.0', revision: '707dcb4246*'
System info: os.name: 'Windows 10', os.arch: 'amd64', os.version: '10.0', java.version: '24.0.1'
Driver info: org.openqa.selenium.chrome.ChromeDriver
Command: [46f46cf731369ea7fb7824b17fb241b5, findElement {value=h2.title  b, using=css selector}]
Capabilities {acceptInsecureCerts: false, browserName: chrome, browserVersion: 142.0.7444.177, chrome: {chromedriverVersion: 142.0.7444.175 (302067f14a4..., userDataDir: C:\Users\Reem\AppData\Local...}, fedcm:accounts: true, goog:chromeOptions: {debuggerAddress: localhost:58801}, goog:processID: 7676, networkConnectionEnabled: false, pageLoadStrategy: normal, platformName: windows, proxy: Proxy(), se:cdp: ws://localhost:58801/devtoo..., se:cdpVersion: 142.0.7444.177, setWindowRect: true, strictFileInteractability: false, timeouts: {implicit: 0, pageLoad: 300000, script: 30000}, unhandledPromptBehavior: dismiss and notify, webauthn:extension:credBlob: true, webauthn:extension:largeBlob: true, webauthn:extension:minPinLength: true, webauthn:extension:prf: true, webauthn:virtualAuthenticators: true}
Session ID: 46f46cf731369ea7fb7824b17fb241b5
at org.openqa.selenium.remote.ErrorCodec.decode(ErrorCodec.java:167)
at org.openqa.selenium.remote.codec.w3c.W3CHttpResponseCodec.decode(W3CHttpResponseCodec.java:138)
at org.openqa.selenium.remote.codec.w3c.W3CHttpResponseCodec.decode(W3CHttpResponseCodec.java:50)
at org.openqa.selenium.remote.HttpCommandExecutor.execute(HttpCommandExecutor.java:215)
at org.openqa.selenium.remote.service.DriverCommandExecutor.invokeExecute(DriverCommandExecutor.java:216)
at org.openqa.selenium.remote.service.DriverCommandExecutor.execute(DriverCommandExecutor.java:174)
at org.openqa.selenium.remote.RemoteWebDriver.execute(RemoteWebDriver.java:544)
at org.openqa.selenium.remote.ElementLocation$ElementFinder$2.findElement(ElementLocation.java:165)
at org.openqa.selenium.remote.ElementLocation.findElement(ElementLocation.java:59)
at org.openqa.selenium.remote.RemoteWebDriver.findElement(RemoteWebDriver.java:367)
at org.openqa.selenium.remote.RemoteWebDriver.findElement(RemoteWebDriver.java:361)
at org.openqa.selenium.support.ui.ExpectedConditions$6.apply(ExpectedConditions.java:171)
at org.openqa.selenium.support.ui.ExpectedConditions$6.apply(ExpectedConditions.java:168)
at org.openqa.selenium.support.ui.FluentWait.until(FluentWait.java:203)
... 34 more
... Removed 32 stack frames]]>
    </failure>
  </testcase> <!-- registerUser -->
  <testcase classname="TestCases.CheckoutPageTest" name="placeOrderLoginBeforeCheckout_TC16" time="0.001">
    <skipped/>
  </testcase> <!-- placeOrderLoginBeforeCheckout_TC16 -->
  <testcase classname="TestCases.ContactUsFormTest" name="contactUsForm_TC6" time="10.764"/>
  <testcase classname="TestCases.HomePageTest" name="scrollWithArrow_TC25" time="0.933"/>
  <testcase classname="TestCases.HomePageTest" name="scrollWithoutArrow_TC26" time="0.715"/>
  <testcase classname="TestCases.HomePageTest" name="verifySubscriptionInHomePage_TC10" time="0.742"/>
  <testcase classname="TestCases.HomePageTest" name="viewCategoryProducts_TC18" time="7.981"/>
  <testcase classname="TestCases.LoginLogoutTest" name="incorrectLogin_TC3" time="4.659"/>
  <testcase classname="TestCases.LoginLogoutTest" name="incorrectLogin_TC3" time="3.063"/>
  <testcase classname="TestCases.LoginLogoutTest" name="incorrectLogin_TC3" time="6.351"/>
  <testcase classname="TestCases.LoginLogoutTest" name="registerUser" time="15.966">
    <failure type="org.openqa.selenium.TimeoutException" message="Expected condition failed: waiting for presence of element located by: By.cssSelector: h2.title  b (tried for 10 second(s) with 500 milliseconds interval)">
      <![CDATA[org.openqa.selenium.TimeoutException: Expected condition failed: waiting for presence of element located by: By.cssSelector: h2.title  b (tried for 10 second(s) with 500 milliseconds interval)
at org.openqa.selenium.support.ui.WebDriverWait.timeoutException(WebDriverWait.java:84)
at org.openqa.selenium.support.ui.FluentWait.until(FluentWait.java:228)
at selenuim.SelenuimFramework.findElement(SelenuimFramework.java:71)
at selenuim.SelenuimFramework.getText(SelenuimFramework.java:153)
at pages.SignupPage.getEnterAccountInformationText(SignupPage.java:113)
at TestCases.LoginLogoutTest.registerUser(LoginLogoutTest.java:100)
at java.base/java.util.ArrayList.forEach(ArrayList.java:1604)
Caused by: org.openqa.selenium.NoSuchElementException: no such element: Unable to locate element: {"method":"css selector","selector":"h2.title  b"}
  (Session info: chrome=142.0.7444.177)
For documentation on this error, please visit: https://www.selenium.dev/documentation/webdriver/troubleshooting/errors#no-such-element-exception
Build info: version: '4.34.0', revision: '707dcb4246*'
System info: os.name: 'Windows 10', os.arch: 'amd64', os.version: '10.0', java.version: '24.0.1'
Driver info: org.openqa.selenium.chrome.ChromeDriver
Command: [ece9cad97eb197a21b5ed1d1c0c7bcb8, findElement {value=h2.title  b, using=css selector}]
Capabilities {acceptInsecureCerts: false, browserName: chrome, browserVersion: 142.0.7444.177, chrome: {chromedriverVersion: 142.0.7444.175 (302067f14a4..., userDataDir: C:\Users\Reem\AppData\Local...}, fedcm:accounts: true, goog:chromeOptions: {debuggerAddress: localhost:52238}, goog:processID: 37668, networkConnectionEnabled: false, pageLoadStrategy: normal, platformName: windows, proxy: Proxy(), se:cdp: ws://localhost:52238/devtoo..., se:cdpVersion: 142.0.7444.177, setWindowRect: true, strictFileInteractability: false, timeouts: {implicit: 0, pageLoad: 300000, script: 30000}, unhandledPromptBehavior: dismiss and notify, webauthn:extension:credBlob: true, webauthn:extension:largeBlob: true, webauthn:extension:minPinLength: true, webauthn:extension:prf: true, webauthn:virtualAuthenticators: true}
Session ID: ece9cad97eb197a21b5ed1d1c0c7bcb8
at org.openqa.selenium.remote.ErrorCodec.decode(ErrorCodec.java:167)
at org.openqa.selenium.remote.codec.w3c.W3CHttpResponseCodec.decode(W3CHttpResponseCodec.java:138)
at org.openqa.selenium.remote.codec.w3c.W3CHttpResponseCodec.decode(W3CHttpResponseCodec.java:50)
at org.openqa.selenium.remote.HttpCommandExecutor.execute(HttpCommandExecutor.java:215)
at org.openqa.selenium.remote.service.DriverCommandExecutor.invokeExecute(DriverCommandExecutor.java:216)
at org.openqa.selenium.remote.service.DriverCommandExecutor.execute(DriverCommandExecutor.java:174)
at org.openqa.selenium.remote.RemoteWebDriver.execute(RemoteWebDriver.java:544)
at org.openqa.selenium.remote.ElementLocation$ElementFinder$2.findElement(ElementLocation.java:165)
at org.openqa.selenium.remote.ElementLocation.findElement(ElementLocation.java:59)
at org.openqa.selenium.remote.RemoteWebDriver.findElement(RemoteWebDriver.java:367)
at org.openqa.selenium.remote.RemoteWebDriver.findElement(RemoteWebDriver.java:361)
at org.openqa.selenium.support.ui.ExpectedConditions$6.apply(ExpectedConditions.java:171)
at org.openqa.selenium.support.ui.ExpectedConditions$6.apply(ExpectedConditions.java:168)
at org.openqa.selenium.support.ui.FluentWait.until(FluentWait.java:203)
... 34 more
... Removed 32 stack frames]]>
    </failure>
  </testcase> <!-- registerUser -->
  <testcase classname="TestCases.LoginLogoutTest" name="logout_TC4" time="0.0">
    <skipped/>
  </testcase> <!-- logout_TC4 -->
  <testcase classname="TestCases.LoginLogoutTest" name="correctLogin_TC2" time="13.956"/>
  <testcase classname="TestCases.ProductPageTest" name="addReviewOnProduct_TC21" time="13.047"/>
  <testcase classname="TestCases.ProductPageTest" name="verifyProductsAndProductDetailPage_TC8" time="10.414"/>
  <testcase classname="TestCases.RegisterTest" name="registerUserWithExistingEmail_TC5" time="3.342"/>
  <testcase classname="TestCases.RegisterTest" name="registerUser_TC1" time="21.432"/>
  <testcase classname="TestCases.TestCasesPageTest" name="verifyTestCasesPage_TC7" time="4.098"/>
</testsuite> <!-- AllTests -->
